#
# There is insufficient memory for the Java Runtime Environment to continue.
# Native memory allocation (malloc) failed to allocate 1019552 bytes for Chunk::new
# Possible reasons:
#   The system is out of physical RAM or swap space
#   In 32 bit mode, the process size limit was hit
# Possible solutions:
#   Reduce memory load on the system
#   Increase physical memory or swap space
#   Check if swap backing store is full
#   Use 64 bit Java on a 64 bit OS
#   Decrease Java heap size (-Xmx/-Xms)
#   Decrease number of Java threads
#   Decrease Java thread stack sizes (-Xss)
#   Set larger code cache with -XX:ReservedCodeCacheSize=
# This output file may be truncated or incomplete.
#
#  Out of Memory Error (allocation.cpp:390), pid=11260, tid=4040
#
# JRE version: Java(TM) SE Runtime Environment (8.0_65-b17) (build 1.8.0_65-b17)
# Java VM: Java HotSpot(TM) 64-Bit Server VM (25.65-b01 mixed mode windows-amd64 compressed oops)
# Failed to write core dump. Minidumps are not enabled by default on client versions of Windows
#

---------------  T H R E A D  ---------------

Current thread (0x00000000194e2800):  JavaThread "C2 CompilerThread2" daemon [_thread_in_native, id=4040, stack(0x0000000019cb0000,0x0000000019db0000)]

Stack: [0x0000000019cb0000,0x0000000019db0000]
[error occurred during error reporting (printing stack bounds), id 0xc0000005]

Native frames: (J=compiled Java code, j=interpreted, Vv=VM code, C=native code)


Current CompileTask:
C2:  38315 12463       4       com.android.dx.ssa.back.IdenticalBlockCombiner::process (323 bytes)


---------------  P R O C E S S  ---------------

Java Threads: ( => current thread )
  0x000000001fe74000 JavaThread "pool-18-thread-1" [_thread_in_Java, id=1060, stack(0x000000002fc60000,0x000000002fd60000)]
  0x000000001fe71000 JavaThread "pool-50-thread-1" [_thread_blocked, id=8464, stack(0x000000002f860000,0x000000002f960000)]
  0x000000001fe6e800 JavaThread "pool-46-thread-4" [_thread_in_Java, id=9844, stack(0x000000002f660000,0x000000002f760000)]
  0x000000001fe70000 JavaThread "pool-47-thread-1" [_thread_blocked, id=3036, stack(0x000000002f360000,0x000000002f460000)]
  0x000000001fe71800 JavaThread "pool-15-thread-1" [_thread_in_Java, id=7504, stack(0x000000002e460000,0x000000002e560000)]
  0x000000001c8c3000 JavaThread "pool-2-thread-3" [_thread_blocked, id=7228, stack(0x000000002a160000,0x000000002a260000)]
  0x000000001c8bb000 JavaThread "pool-2-thread-4" [_thread_blocked, id=12032, stack(0x000000002a060000,0x000000002a160000)]
  0x000000001c8bc000 JavaThread "pool-2-thread-2" [_thread_blocked, id=6116, stack(0x0000000029f60000,0x000000002a060000)]
  0x000000001e3e6800 JavaThread "pool-2-thread-1" [_thread_blocked, id=7816, stack(0x0000000029e60000,0x0000000029f60000)]
  0x000000001e3e4800 JavaThread "pool-1-thread-8" [_thread_blocked, id=10524, stack(0x00000000253f0000,0x00000000254f0000)]
  0x000000001e3e7800 JavaThread "pool-1-thread-7" [_thread_blocked, id=9920, stack(0x00000000252f0000,0x00000000253f0000)]
  0x000000001e3e1800 JavaThread "pool-1-thread-6" [_thread_blocked, id=2916, stack(0x00000000251f0000,0x00000000252f0000)]
  0x000000001e3e3800 JavaThread "pool-1-thread-5" [_thread_blocked, id=4600, stack(0x00000000250f0000,0x00000000251f0000)]
  0x000000001e3e3000 JavaThread "pool-1-thread-4" [_thread_blocked, id=92, stack(0x0000000024ff0000,0x00000000250f0000)]
  0x000000001e3e6000 JavaThread "pool-1-thread-3" [_thread_blocked, id=9208, stack(0x0000000023180000,0x0000000023280000)]
  0x000000001e3e5000 JavaThread "pool-1-thread-2" [_thread_blocked, id=8644, stack(0x0000000022d90000,0x0000000022e90000)]
  0x000000001e3e0800 JavaThread "pool-1-thread-1" [_thread_blocked, id=9880, stack(0x0000000020c30000,0x0000000020d30000)]
  0x0000000021d26800 JavaThread "File lock request listener" [_thread_in_native, id=10964, stack(0x0000000020b30000,0x0000000020c30000)]
  0x000000001ad9a800 JavaThread "Stdin handler" [_thread_blocked, id=8012, stack(0x000000001c410000,0x000000001c510000)]
  0x000000001af32000 JavaThread "Daemon worker" [_thread_blocked, id=10356, stack(0x000000001c2d0000,0x000000001c3d0000)]
  0x000000001adbc000 JavaThread "Cancel handler" [_thread_blocked, id=5796, stack(0x000000001c1d0000,0x000000001c2d0000)]
  0x000000001ad92000 JavaThread "Handler for socket connection from /127.0.0.1:54424 to /127.0.0.1:54426" [_thread_in_native, id=1556, stack(0x000000001c0d0000,0x000000001c1d0000)]
  0x000000001ac93000 JavaThread "Daemon" [_thread_blocked, id=1528, stack(0x000000001bfd0000,0x000000001c0d0000)]
  0x000000001aa42800 JavaThread "Incoming local TCP Connector on port 54424" [_thread_in_native, id=3164, stack(0x000000001bbe0000,0x000000001bce0000)]
  0x0000000019580000 JavaThread "Service Thread" daemon [_thread_blocked, id=1100, stack(0x0000000019eb0000,0x0000000019fb0000)]
  0x00000000194ea800 JavaThread "C1 CompilerThread3" daemon [_thread_in_native, id=9284, stack(0x0000000019db0000,0x0000000019eb0000)]
=>0x00000000194e2800 JavaThread "C2 CompilerThread2" daemon [_thread_in_native, id=4040, stack(0x0000000019cb0000,0x0000000019db0000)]
  0x00000000194de000 JavaThread "C2 CompilerThread1" daemon [_thread_in_native, id=5412, stack(0x0000000019bb0000,0x0000000019cb0000)]
  0x00000000194da000 JavaThread "C2 CompilerThread0" daemon [_thread_in_native, id=12016, stack(0x0000000019ab0000,0x0000000019bb0000)]
  0x00000000194d4800 JavaThread "Attach Listener" daemon [_thread_blocked, id=7628, stack(0x00000000199b0000,0x0000000019ab0000)]
  0x00000000194d3800 JavaThread "Signal Dispatcher" daemon [_thread_blocked, id=5860, stack(0x00000000198b0000,0x00000000199b0000)]
  0x0000000002359000 JavaThread "Finalizer" daemon [_thread_blocked, id=7088, stack(0x00000000192c0000,0x00000000193c0000)]
  0x00000000173cd000 JavaThread "Reference Handler" daemon [_thread_blocked, id=2032, stack(0x00000000191c0000,0x00000000192c0000)]
  0x00000000020be000 JavaThread "main" [_thread_blocked, id=9428, stack(0x0000000002160000,0x0000000002260000)]

Other Threads:
  0x00000000173c8800 VMThread [stack: 0x00000000190c0000,0x00000000191c0000] [id=12284]
  0x0000000019594000 WatcherThread [stack: 0x0000000019fb0000,0x000000001a0b0000] [id=10756]

VM state:not at safepoint (normal execution)

VM Mutex/Monitor currently owned by a thread: None

Heap:
 PSYoungGen      total 336896K, used 209763K [0x00000000d5580000, 0x00000000f0c80000, 0x0000000100000000)
  eden space 292864K, 56% used [0x00000000d5580000,0x00000000df75f7e8,0x00000000e7380000)
  from space 44032K, 99% used [0x00000000ea780000,0x00000000ed279538,0x00000000ed280000)
  to   space 53248K, 0% used [0x00000000e7380000,0x00000000e7380000,0x00000000ea780000)
 ParOldGen       total 178176K, used 124960K [0x0000000080000000, 0x000000008ae00000, 0x00000000d5580000)
  object space 178176K, 70% used [0x0000000080000000,0x0000000087a08250,0x000000008ae00000)
 Metaspace       used 58158K, capacity 59368K, committed 59520K, reserved 1101824K
  class space    used 7596K, capacity 7981K, committed 8064K, reserved 1048576K

Card table byte_map: [0x0000000011720000,0x0000000011b30000] byte_map_base: 0x0000000011320000

Marking Bits: (ParMarkBitMap*) 0x00000000694aa5b0
 Begin Bits: [0x00000000125e0000, 0x00000000145e0000)
 End Bits:   [0x00000000145e0000, 0x00000000165e0000)

Polling page: 0x00000000020c0000

CodeCache: size=245760Kb used=35469Kb max_used=36349Kb free=210290Kb
 bounds [0x0000000002360000, 0x0000000004770000, 0x0000000011360000]
 total_blobs=10758 nmethods=10024 adapters=645
 compilation: enabled

Compilation events (10 events):
Event: 38.269 Thread 0x00000000194ea800 nmethod 12551% 0x0000000004421650 code [0x00000000044218a0, 0x0000000004422978]
Event: 38.269 Thread 0x00000000194de000 nmethod 12525 0x0000000003b1da50 code [0x0000000003b1dcc0, 0x0000000003b1fd18]
Event: 38.269 Thread 0x00000000194de000 12547       4       java.util.ComparableTimSort::binarySort (223 bytes)
Event: 38.274 Thread 0x00000000194ea800 12552 %     3       com.android.dx.dex.code.LocalList$MakeState::finish @ 120 (151 bytes)
Event: 38.276 Thread 0x00000000194ea800 nmethod 12552% 0x000000000448a750 code [0x000000000448aa20, 0x000000000448c188]
Event: 38.279 Thread 0x00000000194de000 nmethod 12547 0x0000000004598910 code [0x0000000004598a80, 0x00000000045991b8]
Event: 38.280 Thread 0x00000000194de000 12541       4       com.android.dx.dex.code.LocalList$MakeState::snapshot (110 bytes)
Event: 38.289 Thread 0x00000000194ea800 12555       2       com.android.dx.dex.code.form.Form22t::compatibleRegs (48 bytes)
Event: 38.290 Thread 0x00000000194ea800 nmethod 12555 0x0000000003bb7910 code [0x0000000003bb7ac0, 0x0000000003bb7e48]
Event: 38.306 Thread 0x00000000194ea800 12557       3       com.android.dx.dex.code.LocalList$MakeState::finish (151 bytes)

GC Heap History (10 events):
Event: 34.486 GC heap before
{Heap before GC invocations=18 (full 3):
 PSYoungGen      total 257024K, used 18962K [0x00000000d5580000, 0x00000000ed180000, 0x0000000100000000)
  eden space 227328K, 0% used [0x00000000d5580000,0x00000000d5580000,0x00000000e3380000)
  from space 29696K, 63% used [0x00000000e3380000,0x00000000e4604ab0,0x00000000e5080000)
  to   space 30208K, 0% used [0x00000000eb400000,0x00000000eb400000,0x00000000ed180000)
 ParOldGen       total 78336K, used 69400K [0x0000000080000000, 0x0000000084c80000, 0x00000000d5580000)
  object space 78336K, 88% used [0x0000000080000000,0x00000000843c61a8,0x0000000084c80000)
 Metaspace       used 57747K, capacity 58888K, committed 59096K, reserved 1099776K
  class space    used 7593K, capacity 7949K, committed 8064K, reserved 1048576K
Event: 34.808 GC heap after
Heap after GC invocations=18 (full 3):
 PSYoungGen      total 257024K, used 0K [0x00000000d5580000, 0x00000000ed180000, 0x0000000100000000)
  eden space 227328K, 0% used [0x00000000d5580000,0x00000000d5580000,0x00000000e3380000)
  from space 29696K, 0% used [0x00000000e3380000,0x00000000e3380000,0x00000000e5080000)
  to   space 30208K, 0% used [0x00000000eb400000,0x00000000eb400000,0x00000000ed180000)
 ParOldGen       total 78336K, used 70635K [0x0000000080000000, 0x0000000084c80000, 0x00000000d5580000)
  object space 78336K, 90% used [0x0000000080000000,0x00000000844fac58,0x0000000084c80000)
 Metaspace       used 57747K, capacity 58888K, committed 59096K, reserved 1099776K
  class space    used 7593K, capacity 7949K, committed 8064K, reserved 1048576K
}
Event: 35.285 GC heap before
{Heap before GC invocations=19 (full 4):
 PSYoungGen      total 257024K, used 227328K [0x00000000d5580000, 0x00000000ed180000, 0x0000000100000000)
  eden space 227328K, 100% used [0x00000000d5580000,0x00000000e3380000,0x00000000e3380000)
  from space 29696K, 0% used [0x00000000e3380000,0x00000000e3380000,0x00000000e5080000)
  to   space 30208K, 0% used [0x00000000eb400000,0x00000000eb400000,0x00000000ed180000)
 ParOldGen       total 78336K, used 70635K [0x0000000080000000, 0x0000000084c80000, 0x00000000d5580000)
  object space 78336K, 90% used [0x0000000080000000,0x00000000844fac58,0x0000000084c80000)
 Metaspace       used 57847K, capacity 59016K, committed 59264K, reserved 1099776K
  class space    used 7593K, capacity 7949K, committed 8064K, reserved 1048576K
Event: 35.712 GC heap after
Heap after GC invocations=19 (full 4):
 PSYoungGen      total 257024K, used 15082K [0x00000000d5580000, 0x00000000ed180000, 0x0000000100000000)
  eden space 227328K, 6% used [0x00000000d5580000,0x00000000d643a970,0x00000000e3380000)
  from space 29696K, 0% used [0x00000000e3380000,0x00000000e3380000,0x00000000e5080000)
  to   space 30208K, 0% used [0x00000000eb400000,0x00000000eb400000,0x00000000ed180000)
 ParOldGen       total 178176K, used 78326K [0x0000000080000000, 0x000000008ae00000, 0x00000000d5580000)
  object space 178176K, 43% used [0x0000000080000000,0x0000000084c7d818,0x000000008ae00000)
 Metaspace       used 57847K, capacity 59016K, committed 59264K, reserved 1099776K
  class space    used 7593K, capacity 7949K, committed 8064K, reserved 1048576K
}
Event: 36.259 GC heap before
{Heap before GC invocations=20 (full 4):
 PSYoungGen      total 257024K, used 227328K [0x00000000d5580000, 0x00000000ed180000, 0x0000000100000000)
  eden space 227328K, 100% used [0x00000000d5580000,0x00000000e3380000,0x00000000e3380000)
  from space 29696K, 0% used [0x00000000e3380000,0x00000000e3380000,0x00000000e5080000)
  to   space 30208K, 0% used [0x00000000eb400000,0x00000000eb400000,0x00000000ed180000)
 ParOldGen       total 178176K, used 78326K [0x0000000080000000, 0x000000008ae00000, 0x00000000d5580000)
  object space 178176K, 43% used [0x0000000080000000,0x0000000084c7d818,0x000000008ae00000)
 Metaspace       used 57987K, capacity 59144K, committed 59520K, reserved 1101824K
  class space    used 7594K, capacity 7949K, committed 8064K, reserved 1048576K
Event: 36.321 GC heap after
Heap after GC invocations=20 (full 4):
 PSYoungGen      total 294912K, used 30199K [0x00000000d5580000, 0x00000000ed180000, 0x0000000100000000)
  eden space 264704K, 0% used [0x00000000d5580000,0x00000000d5580000,0x00000000e5800000)
  from space 30208K, 99% used [0x00000000eb400000,0x00000000ed17dc20,0x00000000ed180000)
  to   space 39424K, 0% used [0x00000000e8480000,0x00000000e8480000,0x00000000eab00000)
 ParOldGen       total 178176K, used 89604K [0x0000000080000000, 0x000000008ae00000, 0x00000000d5580000)
  object space 178176K, 50% used [0x0000000080000000,0x00000000857812a8,0x000000008ae00000)
 Metaspace       used 57987K, capacity 59144K, committed 59520K, reserved 1101824K
  class space    used 7594K, capacity 7949K, committed 8064K, reserved 1048576K
}
Event: 36.714 GC heap before
{Heap before GC invocations=21 (full 4):
 PSYoungGen      total 294912K, used 294903K [0x00000000d5580000, 0x00000000ed180000, 0x0000000100000000)
  eden space 264704K, 100% used [0x00000000d5580000,0x00000000e5800000,0x00000000e5800000)
  from space 30208K, 99% used [0x00000000eb400000,0x00000000ed17dc20,0x00000000ed180000)
  to   space 39424K, 0% used [0x00000000e8480000,0x00000000e8480000,0x00000000eab00000)
 ParOldGen       total 178176K, used 89809K [0x0000000080000000, 0x000000008ae00000, 0x00000000d5580000)
  object space 178176K, 50% used [0x0000000080000000,0x00000000857b4410,0x000000008ae00000)
 Metaspace       used 58024K, capacity 59144K, committed 59520K, reserved 1101824K
  class space    used 7595K, capacity 7949K, committed 8064K, reserved 1048576K
Event: 36.776 GC heap after
Heap after GC invocations=21 (full 4):
 PSYoungGen      total 337408K, used 34980K [0x00000000d5580000, 0x00000000ed280000, 0x0000000100000000)
  eden space 302080K, 0% used [0x00000000d5580000,0x00000000d5580000,0x00000000e7c80000)
  from space 35328K, 99% used [0x00000000e8480000,0x00000000ea6a93c8,0x00000000ea700000)
  to   space 44032K, 0% used [0x00000000ea780000,0x00000000ea780000,0x00000000ed280000)
 ParOldGen       total 178176K, used 119065K [0x0000000080000000, 0x000000008ae00000, 0x00000000d5580000)
  object space 178176K, 66% used [0x0000000080000000,0x0000000087446720,0x000000008ae00000)
 Metaspace       used 58024K, capacity 59144K, committed 59520K, reserved 1101824K
  class space    used 7595K, capacity 7949K, committed 8064K, reserved 1048576K
}
Event: 37.489 GC heap before
{Heap before GC invocations=22 (full 4):
 PSYoungGen      total 337408K, used 337060K [0x00000000d5580000, 0x00000000ed280000, 0x0000000100000000)
  eden space 302080K, 100% used [0x00000000d5580000,0x00000000e7c80000,0x00000000e7c80000)
  from space 35328K, 99% used [0x00000000e8480000,0x00000000ea6a93c8,0x00000000ea700000)
  to   space 44032K, 0% used [0x00000000ea780000,0x00000000ea780000,0x00000000ed280000)
 ParOldGen       total 178176K, used 119153K [0x0000000080000000, 0x000000008ae00000, 0x00000000d5580000)
  object space 178176K, 66% used [0x0000000080000000,0x000000008745c5d0,0x000000008ae00000)
 Metaspace       used 58128K, capacity 59368K, committed 59520K, reserved 1101824K
  class space    used 7596K, capacity 7981K, committed 8064K, reserved 1048576K
Event: 37.529 GC heap after
Heap after GC invocations=22 (full 4):
 PSYoungGen      total 336896K, used 44005K [0x00000000d5580000, 0x00000000f0c80000, 0x0000000100000000)
  eden space 292864K, 0% used [0x00000000d5580000,0x00000000d5580000,0x00000000e7380000)
  from space 44032K, 99% used [0x00000000ea780000,0x00000000ed279538,0x00000000ed280000)
  to   space 53248K, 0% used [0x00000000e7380000,0x00000000e7380000,0x00000000ea780000)
 ParOldGen       total 178176K, used 124960K [0x0000000080000000, 0x000000008ae00000, 0x00000000d5580000)
  object space 178176K, 70% used [0x0000000080000000,0x0000000087a08250,0x000000008ae00000)
 Metaspace       used 58128K, capacity 59368K, committed 59520K, reserved 1101824K
  class space    used 7596K, capacity 7981K, committed 8064K, reserved 1048576K
}

Deoptimization events (10 events):
Event: 37.160 Thread 0x000000001fe70000 Uncommon trap: reason=unstable_if action=reinterpret pc=0x00000000030b7d5c method=java.util.HashMap.putVal(ILjava/lang/Object;Ljava/lang/Object;ZZ)Ljava/lang/Object; @ 162
Event: 37.602 Thread 0x000000001fe71800 Uncommon trap: reason=unstable_if action=reinterpret pc=0x00000000025ccd70 method=java.util.HashMap.putVal(ILjava/lang/Object;Ljava/lang/Object;ZZ)Ljava/lang/Object; @ 162
Event: 37.792 Thread 0x000000001fe71800 Uncommon trap: reason=array_check action=maybe_recompile pc=0x00000000036b5c58 method=java.util.ComparableTimSort.binarySort([Ljava/lang/Object;III)V @ 193
Event: 37.828 Thread 0x000000001fe71800 Uncommon trap: reason=array_check action=maybe_recompile pc=0x00000000036b5c58 method=java.util.ComparableTimSort.binarySort([Ljava/lang/Object;III)V @ 193
Event: 37.848 Thread 0x000000001fe71800 Uncommon trap: reason=array_check action=maybe_recompile pc=0x00000000036b5d20 method=java.util.ComparableTimSort.binarySort([Ljava/lang/Object;III)V @ 183
Event: 37.853 Thread 0x000000001fe71800 Uncommon trap: reason=array_check action=maybe_recompile pc=0x00000000036b5c58 method=java.util.ComparableTimSort.binarySort([Ljava/lang/Object;III)V @ 193
Event: 38.123 Thread 0x000000001fe71800 Uncommon trap: reason=unstable_if action=reinterpret pc=0x0000000003fa4400 method=com.android.dx.dex.code.LocalList$MakeState.snapshot(ILcom/android/dx/rop/code/RegisterSpecSet;)V @ 86
Event: 38.124 Thread 0x000000001fe71800 Uncommon trap: reason=array_check action=maybe_recompile pc=0x00000000042d501c method=java.util.ComparableTimSort.binarySort([Ljava/lang/Object;III)V @ 215
Event: 38.151 Thread 0x000000001fe72800 Uncommon trap: reason=unstable_if action=reinterpret pc=0x00000000029e1720 method=com.android.dx.ssa.SsaBasicBlock.scheduleMovesFromPhis()V @ 63
Event: 38.182 Thread 0x000000001fe71800 Uncommon trap: reason=array_check action=maybe_recompile pc=0x00000000042d501c method=java.util.ComparableTimSort.binarySort([Ljava/lang/Object;III)V @ 215

Internal exceptions (10 events):
Event: 17.370 Thread 0x000000001af32000 Exception <a 'java/lang/ClassNotFoundException': com/android/ide/common/res2/MergedAssetWriterCustomizer> (0x00000000dbb84d58) thrown at [C:\workspace\8-2-build-windows-amd64-cygwin\jdk8u65\4987\hotspot\src\share\vm\classfile\systemDictionary.cpp, line 210&¸Ðïf1@
Event: 17.400 Thread 0x000000001af32000 Exception <a 'java/lang/NoSuchMethodError': <clinit>> (0x00000000dbce2698) thrown at [C:\workspace\8-2-build-windows-amd64-cygwin\jdk8u65\4987\hotspot\src\share\vm\prims\jni.cpp, line 1591]
Event: 18.477 Thread 0x000000001af32000 Implicit null exception at 0x000000000337b317 to 0x000000000337b453
Event: 26.081 Thread 0x000000001af32000 Implicit null exception at 0x0000000003631c35 to 0x0000000003632115
Event: 26.082 Thread 0x000000001af32000 Implicit null exception at 0x00000000035866b4 to 0x0000000003584df9
Event: 26.099 Thread 0x000000001af32000 Implicit null exception at 0x00000000035866b4 to 0x0000000003584df9
Event: 30.340 Thread 0x000000001af32000 Implicit null exception at 0x0000000003272eba to 0x0000000003274161
Event: 32.397 Thread 0x000000001af32000 Implicit null exception at 0x000000000410a2af to 0x000000000410a57d
Event: 32.397 Thread 0x000000001af32000 Implicit null exception at 0x000000000407c20e to 0x000000000407c4a1
Event: 34.954 Thread 0x000000001c8c9000 Implicit null exception at 0x000000000455bb4d to 0x000000000455cd69

Events (10 events):
Event: 38.282 Thread 0x000000001fe71800 DEOPT PACKING pc=0x000000000402d839 sp=0x000000002e55efe0
Event: 38.282 Thread 0x000000001fe71800 DEOPT UNPACKING pc=0x00000000023a787f sp=0x000000002e55ed58 mode 0
Event: 38.287 Thread 0x000000001fe71800 DEOPT PACKING pc=0x000000000265456e sp=0x000000002e55ef80
Event: 38.287 Thread 0x000000001fe71800 DEOPT UNPACKING pc=0x00000000023a787f sp=0x000000002e55ed18 mode 0
Event: 38.293 Thread 0x000000001fe71800 DEOPT PACKING pc=0x000000000265456e sp=0x000000002e55ef80
Event: 38.293 Thread 0x000000001fe71800 DEOPT UNPACKING pc=0x00000000023a787f sp=0x000000002e55ed18 mode 0
Event: 38.294 Thread 0x000000001fe71800 DEOPT PACKING pc=0x000000000402d839 sp=0x000000002e55efe0
Event: 38.294 Thread 0x000000001fe71800 DEOPT UNPACKING pc=0x00000000023a787f sp=0x000000002e55ed58 mode 0
Event: 38.304 Thread 0x000000001fe71800 DEOPT PACKING pc=0x000000000402d839 sp=0x000000002e55efe0
Event: 38.304 Thread 0x000000001fe71800 DEOPT UNPACKING pc=0x00000000023a787f sp=0x000000002e55ed58 mode 0


Dynamic libraries:
0x00007ff65e890000 - 0x00007ff65e8c7000 	C:\Program Files\Java\jdk1.8.0_65\bin\java.exe
0x00007ff943dd0000 - 0x00007ff943f9b000 	C:\WINDOWS\SYSTEM32\ntdll.dll
0x00007ff9429f0000 - 0x00007ff942a9d000 	C:\WINDOWS\system32\KERNEL32.DLL
0x00007ff940e10000 - 0x00007ff94101e000 	C:\WINDOWS\system32\KERNELBASE.dll
0x00007ff942b40000 - 0x00007ff942be2000 	C:\WINDOWS\system32\ADVAPI32.dll
0x00007ff943520000 - 0x00007ff9435be000 	C:\WINDOWS\system32\msvcrt.dll
0x00007ff9430f0000 - 0x00007ff943149000 	C:\WINDOWS\system32\sechost.dll
0x00007ff943c40000 - 0x00007ff943d67000 	C:\WINDOWS\system32\RPCRT4.dll
0x00007ff942d50000 - 0x00007ff942eb6000 	C:\WINDOWS\system32\USER32.dll
0x000000006ad90000 - 0x000000006adae000 	C:\WINDOWS\system32\win32u.dll
0x00007ff943ba0000 - 0x00007ff943bd1000 	C:\WINDOWS\system32\GDI32.dll
0x00007ff941190000 - 0x00007ff941314000 	C:\WINDOWS\system32\gdi32full.dll
0x00007ff93a7f0000 - 0x00007ff93aa59000 	C:\WINDOWS\WinSxS\amd64_microsoft.windows.common-controls_6595b64144ccf1df_6.0.14316.1000_none_8096ff2fcc18513c\COMCTL32.dll
0x00007ff943210000 - 0x00007ff9434ac000 	C:\WINDOWS\system32\combase.dll
0x00007ff9404a0000 - 0x00007ff940594000 	C:\WINDOWS\system32\ucrtbase.dll
0x00007ff941120000 - 0x00007ff94118a000 	C:\WINDOWS\system32\bcryptPrimitives.dll
0x00007ff942ec0000 - 0x00007ff942eee000 	C:\WINDOWS\system32\IMM32.DLL
0x00000000687e0000 - 0x00000000688b2000 	C:\Program Files\Java\jdk1.8.0_65\jre\bin\msvcr100.dll
0x0000000068ca0000 - 0x0000000069529000 	C:\Program Files\Java\jdk1.8.0_65\jre\bin\server\jvm.dll
0x00007ff942fc0000 - 0x00007ff942fc7000 	C:\WINDOWS\system32\PSAPI.DLL
0x00007ff92e3a0000 - 0x00007ff92e3a9000 	C:\WINDOWS\SYSTEM32\WSOCK32.dll
0x00007ff93e260000 - 0x00007ff93e283000 	C:\WINDOWS\SYSTEM32\WINMM.dll
0x00007ff93ab10000 - 0x00007ff93ab1a000 	C:\WINDOWS\SYSTEM32\VERSION.dll
0x00007ff9434b0000 - 0x00007ff94351b000 	C:\WINDOWS\system32\WS2_32.dll
0x00007ff93e200000 - 0x00007ff93e22c000 	C:\WINDOWS\SYSTEM32\WINMMBASE.dll
0x00007ff9410d0000 - 0x00007ff941113000 	C:\WINDOWS\system32\cfgmgr32.dll
0x0000000068c90000 - 0x0000000068c9f000 	C:\Program Files\Java\jdk1.8.0_65\jre\bin\verify.dll
0x0000000068c60000 - 0x0000000068c89000 	C:\Program Files\Java\jdk1.8.0_65\jre\bin\java.dll
0x0000000068c40000 - 0x0000000068c56000 	C:\Program Files\Java\jdk1.8.0_65\jre\bin\zip.dll
0x00007ff941530000 - 0x00007ff9429ea000 	C:\WINDOWS\system32\SHELL32.dll
0x00007ff940770000 - 0x00007ff940e08000 	C:\WINDOWS\system32\windows.storage.dll
0x00007ff9403d0000 - 0x00007ff94041b000 	C:\WINDOWS\system32\powrprof.dll
0x00007ff943d70000 - 0x00007ff943dc2000 	C:\WINDOWS\system32\shlwapi.dll
0x00007ff9403c0000 - 0x00007ff9403cf000 	C:\WINDOWS\system32\kernel.appcore.dll
0x00007ff941020000 - 0x00007ff9410cc000 	C:\WINDOWS\system32\shcore.dll
0x00007ff940420000 - 0x00007ff940434000 	C:\WINDOWS\system32\profapi.dll
0x0000000068c20000 - 0x0000000068c3a000 	C:\Program Files\Java\jdk1.8.0_65\jre\bin\net.dll
0x00007ff93fc80000 - 0x00007ff93fcdc000 	C:\WINDOWS\system32\mswsock.dll
0x0000000068c00000 - 0x0000000068c11000 	C:\Program Files\Java\jdk1.8.0_65\jre\bin\nio.dll
0x00007ff939150000 - 0x00007ff939162000 	C:\Users\dsraj\.gradle\native\19\windows-amd64\native-platform.dll
0x00007ff93e320000 - 0x00007ff93e358000 	C:\WINDOWS\SYSTEM32\IPHLPAPI.DLL
0x00007ff943b90000 - 0x00007ff943b98000 	C:\WINDOWS\system32\NSI.dll
0x00007ff938760000 - 0x00007ff938776000 	C:\WINDOWS\SYSTEM32\dhcpcsvc6.DLL
0x00007ff938740000 - 0x00007ff93875a000 	C:\WINDOWS\SYSTEM32\dhcpcsvc.DLL
0x00007ff93fe30000 - 0x00007ff93fe47000 	C:\WINDOWS\SYSTEM32\CRYPTSP.dll
0x00007ff93f990000 - 0x00007ff93f9c4000 	C:\WINDOWS\system32\rsaenh.dll
0x00007ff9402f0000 - 0x00007ff94031a000 	C:\WINDOWS\SYSTEM32\bcrypt.dll
0x00007ff93fb00000 - 0x00007ff93fb1f000 	C:\WINDOWS\SYSTEM32\USERENV.dll
0x00007ff9402e0000 - 0x00007ff9402eb000 	C:\WINDOWS\SYSTEM32\CRYPTBASE.dll
0x0000000068a00000 - 0x0000000068a0d000 	C:\Program Files\Java\jdk1.8.0_65\jre\bin\management.dll

VM Arguments:
jvm_args: -Xmx2048M -Dfile.encoding=windows-1252 -Duser.country=US -Duser.language=en -Duser.variant 
java_command: org.gradle.launcher.daemon.bootstrap.GradleDaemon 2.10
java_class_path (initial): C:\Users\dsraj\.gradle\wrapper\dists\gradle-2.10-all\a4w5fzrkeut1ox71xslb49gst\gradle-2.10\lib\gradle-launcher-2.10.jar
Launcher Type: SUN_STANDARD

Environment Variables:
JAVA_HOME=C:\Program Files\Java\jdk1.8.0_65\
JRE_HOME=C:\Program Files\Java\jre1.8.0_65\
PATH=C:\ProgramData\Oracle\Java\javapath;C:\WINDOWS\system32;C:\WINDOWS;C:\WINDOWS\System32\Wbem;C:\WINDOWS\System32\WindowsPowerShell\v1.0\;C:\Program Files (x86)\Skype\Phone\;C:\Program Files\Calibre2\;C:\Program Files (x86)\Windows Live\Shared;C:\Go\bin;C:\Users\dsraj\.dnx\bin;C:\Program Files\Microsoft DNX\Dnvm\;C:\Program Files\Microsoft SQL Server\120\Tools\Binn\;C:\Program Files\Microsoft\Web Platform Installer\;C:\Program Files\nodejs\;C:\Program Files (x86)\Windows Kits\8.1\Windows Performance Toolkit\;C:\Program Files (x86)\NVIDIA Corporation\PhysX\Common;C:\wamp\bin\php\php5.5.12;C:\ProgramData\ComposerSetup\bin;C:\Program Files (x86)\MacType;C:\HashiCorp\Vagrant\bin;C:\WINDOWS\system32;C:\WINDOWS;%localappdata%\Microsoft\WindowsApps;C:\WINDOWS\System32\Wbem;C:\WINDOWS\System32\WindowsPowerShell\v1.0\;C:\Program Files\Intel\WiFi\bin\;C:\Program Files\Common Files\Intel\WirelessCommon\;C:\Ruby\bin;C:\Program Files (x86)\Microsoft VS Code\bin\;C:\Python34\;C:\Ruby\bin\;C:\rubydevkit\bin\;C:\Program Files\Java\jdk1.8.0_65\bin\;C:\Users\dsraj\AppData\Local\Android\sdk\platform-tools\;C:\Users\dsraj\AppData\Local\GitHub\PortableGit_c7e0cbde92ba565cb218a521411d0e854079a28c\cmd\;C:\Python34\Scripts\;C:\Program Files (x86)\Microsoft VS Code\bin;C:\Program Files\nodejs;C:\Users\dsraj\AppData\Roaming\npm;C:\Program Files\MongoDB\Server\3.2\bin;C:\wamp\bin\php\php5.5.12\php.exe;C:\Users\dsraj\AppData\Roaming\Composer\vendor\bin;C:\Program Files (x86)\MSquared\M2 RSM;C:\Users\dsraj\AppData\Local\atom\bin;C:\wamp\bin\mysql\mysql5.6.17\bin;C:\Program Files\Intel\WiFi\bin\;C:\Program Files\Common Files\Intel\WirelessCommon\
USERNAME=dsraj
OS=Windows_NT
PROCESSOR_IDENTIFIER=Intel64 Family 6 Model 58 Stepping 9, GenuineIntel



---------------  S Y S T E M  ---------------

OS: Windows 10.0 , 64 bit Build 14316 (10.0.14316.1000)

CPU:total 8 (4 cores per cpu, 2 threads per core) family 6 model 58 stepping 9, cmov, cx8, fxsr, mmx, sse, sse2, sse3, ssse3, sse4.1, sse4.2, popcnt, avx, aes, clmul, erms, ht, tsc, tscinvbit, tscinv

Memory: 4k page, physical 8205796k(273448k free), swap 9254372k(5716k free)

vm_info: Java HotSpot(TM) 64-Bit Server VM (25.65-b01) for windows-amd64 JRE (1.8.0_65-b17), built on Oct  6 2015 16:39:20 by "java_re" with MS VC++ 10.0 (VS2010)

time: Thu Apr 28 19:22:10 2016
elapsed time: 38 seconds (0d 0h 0m 38s)

