#
# There is insufficient memory for the Java Runtime Environment to continue.
# Native memory allocation (malloc) failed to allocate 1048576 bytes for AllocateHeap
# Possible reasons:
#   The system is out of physical RAM or swap space
#   In 32 bit mode, the process size limit was hit
# Possible solutions:
#   Reduce memory load on the system
#   Increase physical memory or swap space
#   Check if swap backing store is full
#   Use 64 bit Java on a 64 bit OS
#   Decrease Java heap size (-Xmx/-Xms)
#   Decrease number of Java threads
#   Decrease Java thread stack sizes (-Xss)
#   Set larger code cache with -XX:ReservedCodeCacheSize=
# This output file may be truncated or incomplete.
#
#  Out of Memory Error (memory/allocation.inline.hpp:61), pid=8844, tid=2304
#
# JRE version:  (8.0_65-b17) (build )
# Java VM: Java HotSpot(TM) 64-Bit Server VM (25.65-b01 mixed mode windows-amd64 compressed oops)
# Failed to write core dump. Minidumps are not enabled by default on client versions of Windows
#

---------------  T H R E A D  ---------------

Current thread (0x000000000208d800):  JavaThread "Unknown thread" [_thread_in_vm, id=2304, stack(0x00000000020f0000,0x00000000021f0000)]

Stack: [0x00000000020f0000,0x00000000021f0000]
[error occurred during error reporting (printing stack bounds), id 0xc0000005]

Native frames: (J=compiled Java code, j=interpreted, Vv=VM code, C=native code)


---------------  P R O C E S S  ---------------

Java Threads: ( => current thread )

Other Threads:

=>0x000000000208d800 (exited) JavaThread "Unknown thread" [_thread_in_vm, id=2304, stack(0x00000000020f0000,0x00000000021f0000)]

VM state:not at safepoint (normal execution)

VM Mutex/Monitor currently owned by a thread: None

Heap:
 PSYoungGen      total 37888K, used 655K [0x00000000eab00000, 0x00000000ed500000, 0x0000000100000000)
  eden space 32768K, 2% used [0x00000000eab00000,0x00000000eaba3d80,0x00000000ecb00000)
  from space 5120K, 0% used [0x00000000ed000000,0x00000000ed000000,0x00000000ed500000)
  to   space 5120K, 0% used [0x00000000ecb00000,0x00000000ecb00000,0x00000000ed000000)
 ParOldGen       total 86016K, used 0K [0x00000000c0000000, 0x00000000c5400000, 0x00000000eab00000)
  object space 86016K, 0% used [0x00000000c0000000,0x00000000c0000000,0x00000000c5400000)
 Metaspace       used 767K, capacity 4480K, committed 4480K, reserved 1056768K
  class space    used 75K, capacity 384K, committed 384K, reserved 1048576K

Card table byte_map: [0x00000000116b0000,0x00000000118c0000] byte_map_base: 0x00000000110b0000

Marking Bits: (ParMarkBitMap*) 0x0000000055c2a5b0
 Begin Bits: [0x0000000012220000, 0x0000000013220000)
 End Bits:   [0x0000000013220000, 0x0000000014220000)

Polling page: 0x0000000000700000

CodeCache: size=245760Kb used=328Kb max_used=328Kb free=245431Kb
 bounds [0x00000000022f0000, 0x0000000002560000, 0x00000000112f0000]
 total_blobs=57 nmethods=0 adapters=37
 compilation: enabled

Compilation events (0 events):
No events

GC Heap History (0 events):
No events

Deoptimization events (0 events):
No events

Internal exceptions (0 events):
No events

Events (10 events):
Event: 0.115 loading class java/lang/Short
Event: 0.115 loading class java/lang/Short done
Event: 0.116 loading class java/lang/Integer
Event: 0.116 loading class java/lang/Integer done
Event: 0.116 loading class java/lang/Long
Event: 0.116 loading class java/lang/Long done
Event: 0.117 loading class java/lang/NullPointerException
Event: 0.117 loading class java/lang/NullPointerException done
Event: 0.117 loading class java/lang/ArithmeticException
Event: 0.117 loading class java/lang/ArithmeticException done


Dynamic libraries:
0x00007ff7675b0000 - 0x00007ff7675e7000 	C:\Program Files\Java\jdk1.8.0_65\bin\java.exe
0x00007ffa3a260000 - 0x00007ffa3a42b000 	C:\WINDOWS\SYSTEM32\ntdll.dll
0x00007ffa386a0000 - 0x00007ffa3874d000 	C:\WINDOWS\system32\KERNEL32.DLL
0x00007ffa374c0000 - 0x00007ffa376ce000 	C:\WINDOWS\system32\KERNELBASE.dll
0x00007ffa38750000 - 0x00007ffa387f2000 	C:\WINDOWS\system32\ADVAPI32.dll
0x00007ffa38860000 - 0x00007ffa388fe000 	C:\WINDOWS\system32\msvcrt.dll
0x00007ffa38800000 - 0x00007ffa38859000 	C:\WINDOWS\system32\sechost.dll
0x00007ffa38ae0000 - 0x00007ffa38c07000 	C:\WINDOWS\system32\RPCRT4.dll
0x00007ffa379c0000 - 0x00007ffa37b26000 	C:\WINDOWS\system32\USER32.dll
0x00000000575b0000 - 0x00000000575ce000 	C:\WINDOWS\system32\win32u.dll
0x00007ffa3a220000 - 0x00007ffa3a251000 	C:\WINDOWS\system32\GDI32.dll
0x00007ffa376d0000 - 0x00007ffa37854000 	C:\WINDOWS\system32\gdi32full.dll
0x00007ffa30480000 - 0x00007ffa306e9000 	C:\WINDOWS\WinSxS\amd64_microsoft.windows.common-controls_6595b64144ccf1df_6.0.14316.1000_none_8096ff2fcc18513c\COMCTL32.dll
0x00007ffa38400000 - 0x00007ffa3869c000 	C:\WINDOWS\system32\combase.dll
0x00007ffa36fd0000 - 0x00007ffa370c4000 	C:\WINDOWS\system32\ucrtbase.dll
0x00007ffa37350000 - 0x00007ffa373ba000 	C:\WINDOWS\system32\bcryptPrimitives.dll
0x00007ffa383d0000 - 0x00007ffa383fe000 	C:\WINDOWS\system32\IMM32.DLL
0x0000000054f60000 - 0x0000000055032000 	C:\Program Files\Java\jdk1.8.0_65\jre\bin\msvcr100.dll
0x0000000055420000 - 0x0000000055ca9000 	C:\Program Files\Java\jdk1.8.0_65\jre\bin\server\jvm.dll
0x00007ffa37b30000 - 0x00007ffa37b37000 	C:\WINDOWS\system32\PSAPI.DLL
0x00007ffa25400000 - 0x00007ffa25409000 	C:\WINDOWS\SYSTEM32\WSOCK32.dll
0x00007ffa38360000 - 0x00007ffa383cb000 	C:\WINDOWS\system32\WS2_32.dll
0x00007ffa34c40000 - 0x00007ffa34c63000 	C:\WINDOWS\SYSTEM32\WINMM.dll
0x00007ffa30a10000 - 0x00007ffa30a1a000 	C:\WINDOWS\SYSTEM32\VERSION.dll
0x00007ffa34be0000 - 0x00007ffa34c0c000 	C:\WINDOWS\SYSTEM32\WINMMBASE.dll
0x00007ffa373c0000 - 0x00007ffa37403000 	C:\WINDOWS\system32\cfgmgr32.dll
0x0000000055410000 - 0x000000005541f000 	C:\Program Files\Java\jdk1.8.0_65\jre\bin\verify.dll
0x00000000553e0000 - 0x0000000055409000 	C:\Program Files\Java\jdk1.8.0_65\jre\bin\java.dll
0x00000000553c0000 - 0x00000000553d6000 	C:\Program Files\Java\jdk1.8.0_65\jre\bin\zip.dll

VM Arguments:
jvm_args: -Djava.awt.headless=true -Xmx1024M -Dfile.encoding=windows-1252 -Duser.country=US -Duser.language=en -Duser.variant 
java_command: com.android.dx.command.Main --dex --force-jumbo --num-threads=4 --multi-dex --output C:\Users\dsraj\Desktop\NeighbourJobs - Splash & Intro\NeighbourJobs\app\build\intermediates\transforms\dex\debug\folders\1000\5\slice_8 C:\Users\dsraj\Desktop\NeighbourJobs - Splash & Intro\NeighbourJobs\app\build\intermediates\transforms\instantRunSlicer\debug\folders\1\5\slice_8
java_class_path (initial): C:\Users\dsraj\AppData\Local\Android\sdk\build-tools\23.0.2\lib\dx.jar
Launcher Type: SUN_STANDARD

Environment Variables:
JAVA_HOME=C:\Program Files\Java\jdk1.8.0_65\
JRE_HOME=C:\Program Files\Java\jre1.8.0_65\
PATH=C:\ProgramData\Oracle\Java\javapath;C:\WINDOWS\system32;C:\WINDOWS;C:\WINDOWS\System32\Wbem;C:\WINDOWS\System32\WindowsPowerShell\v1.0\;C:\Program Files (x86)\Skype\Phone\;C:\Program Files\Calibre2\;C:\Program Files (x86)\Windows Live\Shared;C:\Go\bin;C:\Users\dsraj\.dnx\bin;C:\Program Files\Microsoft DNX\Dnvm\;C:\Program Files\Microsoft SQL Server\120\Tools\Binn\;C:\Program Files\Microsoft\Web Platform Installer\;C:\Program Files\nodejs\;C:\Program Files (x86)\Windows Kits\8.1\Windows Performance Toolkit\;C:\Program Files (x86)\NVIDIA Corporation\PhysX\Common;C:\wamp\bin\php\php5.5.12;C:\ProgramData\ComposerSetup\bin;C:\Program Files (x86)\MacType;C:\HashiCorp\Vagrant\bin;C:\WINDOWS\system32;C:\WINDOWS;%localappdata%\Microsoft\WindowsApps;C:\WINDOWS\System32\Wbem;C:\WINDOWS\System32\WindowsPowerShell\v1.0\;C:\Program Files\Intel\WiFi\bin\;C:\Program Files\Common Files\Intel\WirelessCommon\;C:\Ruby\bin;C:\Program Files (x86)\Microsoft VS Code\bin\;C:\Python34\;C:\Ruby\bin\;C:\rubydevkit\bin\;C:\Program Files\Java\jdk1.8.0_65\bin\;C:\Users\dsraj\AppData\Local\Android\sdk\platform-tools\;C:\Users\dsraj\AppData\Local\GitHub\PortableGit_c7e0cbde92ba565cb218a521411d0e854079a28c\cmd\;C:\Python34\Scripts\;C:\Program Files (x86)\Microsoft VS Code\bin;C:\Program Files\nodejs;C:\Users\dsraj\AppData\Roaming\npm;C:\Program Files\MongoDB\Server\3.2\bin;C:\wamp\bin\php\php5.5.12\php.exe;C:\Users\dsraj\AppData\Roaming\Composer\vendor\bin;C:\Program Files (x86)\MSquared\M2 RSM;C:\Users\dsraj\AppData\Local\atom\bin;C:\wamp\bin\mysql\mysql5.6.17\bin;C:\Program Files\Intel\WiFi\bin\;C:\Program Files\Common Files\Intel\WirelessCommon\
USERNAME=dsraj
OS=Windows_NT
PROCESSOR_IDENTIFIER=Intel64 Family 6 Model 58 Stepping 9, GenuineIntel



---------------  S Y S T E M  ---------------

OS: Windows 10.0 , 64 bit Build 14316 (10.0.14316.1000)

CPU:total 8 (4 cores per cpu, 2 threads per core) family 6 model 58 stepping 9, cmov, cx8, fxsr, mmx, sse, sse2, sse3, ssse3, sse4.1, sse4.2, popcnt, avx, aes, clmul, erms, ht, tsc, tscinvbit, tscinv

Memory: 4k page, physical 8205796k(521696k free), swap 9254372k(5828k free)

vm_info: Java HotSpot(TM) 64-Bit Server VM (25.65-b01) for windows-amd64 JRE (1.8.0_65-b17), built on Oct  6 2015 16:39:20 by "java_re" with MS VC++ 10.0 (VS2010)

time: Thu Apr 28 12:45:09 2016
elapsed time: 0 seconds (0d 0h 0m 0s)

