#
# There is insufficient memory for the Java Runtime Environment to continue.
# Native memory allocation (malloc) failed to allocate 1053600 bytes for Chunk::new
# Possible reasons:
#   The system is out of physical RAM or swap space
#   In 32 bit mode, the process size limit was hit
# Possible solutions:
#   Reduce memory load on the system
#   Increase physical memory or swap space
#   Check if swap backing store is full
#   Use 64 bit Java on a 64 bit OS
#   Decrease Java heap size (-Xmx/-Xms)
#   Decrease number of Java threads
#   Decrease Java thread stack sizes (-Xss)
#   Set larger code cache with -XX:ReservedCodeCacheSize=
# This output file may be truncated or incomplete.
#
#  Out of Memory Error (allocation.cpp:390), pid=11036, tid=4628
#
# JRE version: Java(TM) SE Runtime Environment (8.0_65-b17) (build 1.8.0_65-b17)
# Java VM: Java HotSpot(TM) 64-Bit Server VM (25.65-b01 mixed mode windows-amd64 compressed oops)
# Failed to write core dump. Minidumps are not enabled by default on client versions of Windows
#

---------------  T H R E A D  ---------------

Current thread (0x00000000170ee800):  JavaThread "C2 CompilerThread2" daemon [_thread_in_native, id=4628, stack(0x00000000178c0000,0x00000000179c0000)]

Stack: [0x00000000178c0000,0x00000000179c0000]
[error occurred during error reporting (printing stack bounds), id 0xc0000005]

Native frames: (J=compiled Java code, j=interpreted, Vv=VM code, C=native code)


Current CompileTask:
C2:   9274 2626       4       com.android.dx.dex.file.CodeItem::addContents (174 bytes)


---------------  P R O C E S S  ---------------

Java Threads: ( => current thread )
  0x00000000173c1000 JavaThread "pool-1-thread-1" [_thread_in_Java, id=1128, stack(0x000000001a960000,0x000000001aa60000)]
  0x0000000017180000 JavaThread "Service Thread" daemon [_thread_blocked, id=10588, stack(0x0000000017ac0000,0x0000000017bc0000)]
  0x0000000017111000 JavaThread "C1 CompilerThread3" daemon [_thread_blocked, id=10008, stack(0x00000000179c0000,0x0000000017ac0000)]
=>0x00000000170ee800 JavaThread "C2 CompilerThread2" daemon [_thread_in_native, id=4628, stack(0x00000000178c0000,0x00000000179c0000)]
  0x00000000170ea800 JavaThread "C2 CompilerThread1" daemon [_thread_in_native, id=6784, stack(0x00000000177c0000,0x00000000178c0000)]
  0x00000000170e7000 JavaThread "C2 CompilerThread0" daemon [_thread_in_vm, id=2060, stack(0x00000000176c0000,0x00000000177c0000)]
  0x00000000170e4800 JavaThread "Attach Listener" daemon [_thread_blocked, id=6352, stack(0x00000000175c0000,0x00000000176c0000)]
  0x00000000170e3800 JavaThread "Signal Dispatcher" daemon [_thread_blocked, id=10472, stack(0x00000000174c0000,0x00000000175c0000)]
  0x00000000024a4000 JavaThread "Finalizer" daemon [_thread_blocked, id=10712, stack(0x0000000016ed0000,0x0000000016fd0000)]
  0x00000000024a3000 JavaThread "Reference Handler" daemon [_thread_blocked, id=10476, stack(0x0000000016dd0000,0x0000000016ed0000)]
  0x00000000022ad800 JavaThread "main" [_thread_blocked, id=6752, stack(0x00000000022b0000,0x00000000023b0000)]

Other Threads:
  0x0000000014fc9000 VMThread [stack: 0x0000000016cd0000,0x0000000016dd0000] [id=6864]
  0x0000000017183800 WatcherThread [stack: 0x0000000017bc0000,0x0000000017cc0000] [id=10080]

VM state:not at safepoint (normal execution)

VM Mutex/Monitor currently owned by a thread: None

Heap:
 PSYoungGen      total 287232K, used 87081K [0x00000000eab00000, 0x00000000fea00000, 0x0000000100000000)
  eden space 258560K, 24% used [0x00000000eab00000,0x00000000ee7e99a8,0x00000000fa780000)
  from space 28672K, 86% used [0x00000000fc700000,0x00000000fdf20c18,0x00000000fe300000)
  to   space 32256K, 0% used [0x00000000fa780000,0x00000000fa780000,0x00000000fc700000)
 ParOldGen       total 86016K, used 44496K [0x00000000c0000000, 0x00000000c5400000, 0x00000000eab00000)
  object space 86016K, 51% used [0x00000000c0000000,0x00000000c2b74098,0x00000000c5400000)
 Metaspace       used 6856K, capacity 7544K, committed 7680K, reserved 1056768K
  class space    used 642K, capacity 688K, committed 768K, reserved 1048576K

Card table byte_map: [0x0000000011870000,0x0000000011a80000] byte_map_base: 0x0000000011270000

Marking Bits: (ParMarkBitMap*) 0x0000000055c2a5b0
 Begin Bits: [0x00000000123e0000, 0x00000000133e0000)
 End Bits:   [0x00000000133e0000, 0x00000000143e0000)

Polling page: 0x0000000000430000

CodeCache: size=245760Kb used=12625Kb max_used=12625Kb free=233135Kb
 bounds [0x00000000024b0000, 0x0000000003110000, 0x00000000114b0000]
 total_blobs=3061 nmethods=2791 adapters=182
 compilation: enabled

Compilation events (10 events):
Event: 9.259 Thread 0x00000000170e7000 2936       4       com.android.dx.dex.code.OutputFinisher::align64bits (247 bytes)
Event: 9.261 Thread 0x0000000017111000 2937       3       com.android.dx.dex.code.form.Form22b::isCompatible (103 bytes)
Event: 9.262 Thread 0x0000000017111000 nmethod 2937 0x00000000031087d0 code [0x0000000003108a00, 0x0000000003109cf8]
Event: 9.270 Thread 0x00000000170e7000 nmethod 2936 0x000000000310ddd0 code [0x000000000310dfa0, 0x000000000310e840]
Event: 9.270 Thread 0x00000000170e7000 2928       4       com.android.dx.dex.code.StdCatchBuilder::build (262 bytes)
Event: 9.270 Thread 0x0000000017111000 2939       3       com.android.dx.dex.code.CatchHandlerList::compareTo (89 bytes)
Event: 9.271 Thread 0x0000000017111000 nmethod 2939 0x0000000003107690 code [0x0000000003107880, 0x00000000031083a8]
Event: 9.271 Thread 0x0000000017111000 2940       3       com.android.dx.dex.code.LocalSnapshot::withMapper (20 bytes)
Event: 9.271 Thread 0x0000000017111000 nmethod 2940 0x000000000310d490 code [0x000000000310d640, 0x000000000310dba8]
Event: 9.271 Thread 0x0000000017111000 2938       3       com.android.dx.dex.code.CatchHandlerList::compareTo (9 bytes)

GC Heap History (10 events):
Event: 2.166 GC heap before
{Heap before GC invocations=2 (full 0):
 PSYoungGen      total 37888K, used 37857K [0x00000000eab00000, 0x00000000ef500000, 0x0000000100000000)
  eden space 32768K, 100% used [0x00000000eab00000,0x00000000ecb00000,0x00000000ecb00000)
  from space 5120K, 99% used [0x00000000ecb00000,0x00000000ecff86f8,0x00000000ed000000)
  to   space 5120K, 0% used [0x00000000ef000000,0x00000000ef000000,0x00000000ef500000)
 ParOldGen       total 86016K, used 163K [0x00000000c0000000, 0x00000000c5400000, 0x00000000eab00000)
  object space 86016K, 0% used [0x00000000c0000000,0x00000000c0028db0,0x00000000c5400000)
 Metaspace       used 6096K, capacity 7024K, committed 7296K, reserved 1056768K
  class space    used 601K, capacity 616K, committed 640K, reserved 1048576K
Event: 2.200 GC heap after
Heap after GC invocations=2 (full 0):
 PSYoungGen      total 70656K, used 5099K [0x00000000eab00000, 0x00000000ef500000, 0x0000000100000000)
  eden space 65536K, 0% used [0x00000000eab00000,0x00000000eab00000,0x00000000eeb00000)
  from space 5120K, 99% used [0x00000000ef000000,0x00000000ef4fad18,0x00000000ef500000)
  to   space 5120K, 0% used [0x00000000eeb00000,0x00000000eeb00000,0x00000000ef000000)
 ParOldGen       total 86016K, used 3682K [0x00000000c0000000, 0x00000000c5400000, 0x00000000eab00000)
  object space 86016K, 4% used [0x00000000c0000000,0x00000000c0398900,0x00000000c5400000)
 Metaspace       used 6096K, capacity 7024K, committed 7296K, reserved 1056768K
  class space    used 601K, capacity 616K, committed 640K, reserved 1048576K
}
Event: 2.649 GC heap before
{Heap before GC invocations=3 (full 0):
 PSYoungGen      total 70656K, used 70635K [0x00000000eab00000, 0x00000000ef500000, 0x0000000100000000)
  eden space 65536K, 100% used [0x00000000eab00000,0x00000000eeb00000,0x00000000eeb00000)
  from space 5120K, 99% used [0x00000000ef000000,0x00000000ef4fad18,0x00000000ef500000)
  to   space 5120K, 0% used [0x00000000eeb00000,0x00000000eeb00000,0x00000000ef000000)
 ParOldGen       total 86016K, used 3682K [0x00000000c0000000, 0x00000000c5400000, 0x00000000eab00000)
  object space 86016K, 4% used [0x00000000c0000000,0x00000000c0398900,0x00000000c5400000)
 Metaspace       used 6233K, capacity 7088K, committed 7296K, reserved 1056768K
  class space    used 602K, capacity 616K, committed 640K, reserved 1048576K
Event: 2.683 GC heap after
Heap after GC invocations=3 (full 0):
 PSYoungGen      total 70656K, used 5090K [0x00000000eab00000, 0x00000000f3500000, 0x0000000100000000)
  eden space 65536K, 0% used [0x00000000eab00000,0x00000000eab00000,0x00000000eeb00000)
  from space 5120K, 99% used [0x00000000eeb00000,0x00000000eeff8868,0x00000000ef000000)
  to   space 5120K, 0% used [0x00000000f3000000,0x00000000f3000000,0x00000000f3500000)
 ParOldGen       total 86016K, used 12540K [0x00000000c0000000, 0x00000000c5400000, 0x00000000eab00000)
  object space 86016K, 14% used [0x00000000c0000000,0x00000000c0c3f130,0x00000000c5400000)
 Metaspace       used 6233K, capacity 7088K, committed 7296K, reserved 1056768K
  class space    used 602K, capacity 616K, committed 640K, reserved 1048576K
}
Event: 5.231 GC heap before
{Heap before GC invocations=4 (full 0):
 PSYoungGen      total 70656K, used 70626K [0x00000000eab00000, 0x00000000f3500000, 0x0000000100000000)
  eden space 65536K, 100% used [0x00000000eab00000,0x00000000eeb00000,0x00000000eeb00000)
  from space 5120K, 99% used [0x00000000eeb00000,0x00000000eeff8868,0x00000000ef000000)
  to   space 5120K, 0% used [0x00000000f3000000,0x00000000f3000000,0x00000000f3500000)
 ParOldGen       total 86016K, used 12540K [0x00000000c0000000, 0x00000000c5400000, 0x00000000eab00000)
  object space 86016K, 14% used [0x00000000c0000000,0x00000000c0c3f130,0x00000000c5400000)
 Metaspace       used 6338K, capacity 7152K, committed 7296K, reserved 1056768K
  class space    used 603K, capacity 616K, committed 640K, reserved 1048576K
Event: 5.260 GC heap after
Heap after GC invocations=4 (full 0):
 PSYoungGen      total 136192K, used 5093K [0x00000000eab00000, 0x00000000f3500000, 0x0000000100000000)
  eden space 131072K, 0% used [0x00000000eab00000,0x00000000eab00000,0x00000000f2b00000)
  from space 5120K, 99% used [0x00000000f3000000,0x00000000f34f9588,0x00000000f3500000)
  to   space 5120K, 0% used [0x00000000f2b00000,0x00000000f2b00000,0x00000000f3000000)
 ParOldGen       total 86016K, used 22752K [0x00000000c0000000, 0x00000000c5400000, 0x00000000eab00000)
  object space 86016K, 26% used [0x00000000c0000000,0x00000000c1638068,0x00000000c5400000)
 Metaspace       used 6338K, capacity 7152K, committed 7296K, reserved 1056768K
  class space    used 603K, capacity 616K, committed 640K, reserved 1048576K
}
Event: 6.084 GC heap before
{Heap before GC invocations=5 (full 0):
 PSYoungGen      total 136192K, used 136165K [0x00000000eab00000, 0x00000000f3500000, 0x0000000100000000)
  eden space 131072K, 100% used [0x00000000eab00000,0x00000000f2b00000,0x00000000f2b00000)
  from space 5120K, 99% used [0x00000000f3000000,0x00000000f34f9588,0x00000000f3500000)
  to   space 5120K, 0% used [0x00000000f2b00000,0x00000000f2b00000,0x00000000f3000000)
 ParOldGen       total 86016K, used 22752K [0x00000000c0000000, 0x00000000c5400000, 0x00000000eab00000)
  object space 86016K, 26% used [0x00000000c0000000,0x00000000c1638068,0x00000000c5400000)
 Metaspace       used 6525K, capacity 7256K, committed 7424K, reserved 1056768K
  class space    used 623K, capacity 656K, committed 768K, reserved 1048576K
Event: 6.112 GC heap after
Heap after GC invocations=5 (full 0):
 PSYoungGen      total 136192K, used 5098K [0x00000000eab00000, 0x00000000fe300000, 0x0000000100000000)
  eden space 131072K, 0% used [0x00000000eab00000,0x00000000eab00000,0x00000000f2b00000)
  from space 5120K, 99% used [0x00000000f2b00000,0x00000000f2ffa968,0x00000000f3000000)
  to   space 28672K, 0% used [0x00000000fc700000,0x00000000fc700000,0x00000000fe300000)
 ParOldGen       total 86016K, used 44496K [0x00000000c0000000, 0x00000000c5400000, 0x00000000eab00000)
  object space 86016K, 51% used [0x00000000c0000000,0x00000000c2b74098,0x00000000c5400000)
 Metaspace       used 6525K, capacity 7256K, committed 7424K, reserved 1056768K
  class space    used 623K, capacity 656K, committed 768K, reserved 1048576K
}
Event: 6.471 GC heap before
{Heap before GC invocations=6 (full 0):
 PSYoungGen      total 136192K, used 136170K [0x00000000eab00000, 0x00000000fe300000, 0x0000000100000000)
  eden space 131072K, 100% used [0x00000000eab00000,0x00000000f2b00000,0x00000000f2b00000)
  from space 5120K, 99% used [0x00000000f2b00000,0x00000000f2ffa968,0x00000000f3000000)
  to   space 28672K, 0% used [0x00000000fc700000,0x00000000fc700000,0x00000000fe300000)
 ParOldGen       total 86016K, used 44496K [0x00000000c0000000, 0x00000000c5400000, 0x00000000eab00000)
  object space 86016K, 51% used [0x00000000c0000000,0x00000000c2b74098,0x00000000c5400000)
 Metaspace       used 6539K, capacity 7256K, committed 7424K, reserved 1056768K
  class space    used 624K, capacity 656K, committed 768K, reserved 1048576K
Event: 6.599 GC heap after
Heap after GC invocations=6 (full 0):
 PSYoungGen      total 287232K, used 24707K [0x00000000eab00000, 0x00000000fea00000, 0x0000000100000000)
  eden space 258560K, 0% used [0x00000000eab00000,0x00000000eab00000,0x00000000fa780000)
  from space 28672K, 86% used [0x00000000fc700000,0x00000000fdf20c18,0x00000000fe300000)
  to   space 32256K, 0% used [0x00000000fa780000,0x00000000fa780000,0x00000000fc700000)
 ParOldGen       total 86016K, used 44496K [0x00000000c0000000, 0x00000000c5400000, 0x00000000eab00000)
  object space 86016K, 51% used [0x00000000c0000000,0x00000000c2b74098,0x00000000c5400000)
 Metaspace       used 6539K, capacity 7256K, committed 7424K, reserved 1056768K
  class space    used 624K, capacity 656K, committed 768K, reserved 1048576K
}

Deoptimization events (10 events):
Event: 8.799 Thread 0x00000000173c1000 Uncommon trap: reason=speculate_class_check action=maybe_recompile pc=0x00000000027e2b1c method=com.android.dx.util.FixedSizeList.equals(Ljava/lang/Object;)Z @ 25
Event: 8.799 Thread 0x00000000173c1000 Uncommon trap: reason=unstable_if action=reinterpret pc=0x0000000002bac82c method=java.util.TreeMap.put(Ljava/lang/Object;Ljava/lang/Object;)Ljava/lang/Object; @ 163
Event: 8.818 Thread 0x00000000173c1000 Uncommon trap: reason=unstable_if action=reinterpret pc=0x000000000307bb0c method=com.android.dx.dex.code.OutputFinisher.findOpcodeForInsn(Lcom/android/dx/dex/code/DalvInsn;Lcom/android/dx/dex/code/Dop;)Lcom/android/dx/dex/code/Dop; @ 1
Event: 8.861 Thread 0x00000000173c1000 Uncommon trap: reason=unstable_if action=reinterpret pc=0x000000000309a3e8 method=com.android.dx.rop.code.RegisterSpec.matchesVariable(Lcom/android/dx/rop/code/RegisterSpec;)Z @ 59
Event: 8.861 Thread 0x00000000173c1000 Uncommon trap: reason=array_check action=maybe_recompile pc=0x00000000030a92dc method=java.util.ComparableTimSort.binarySort([Ljava/lang/Object;III)V @ 193
Event: 8.885 Thread 0x00000000173c1000 Uncommon trap: reason=array_check action=maybe_recompile pc=0x00000000030a93a4 method=java.util.ComparableTimSort.binarySort([Ljava/lang/Object;III)V @ 183
Event: 8.890 Thread 0x00000000173c1000 Uncommon trap: reason=array_check action=maybe_recompile pc=0x00000000030a92dc method=java.util.ComparableTimSort.binarySort([Ljava/lang/Object;III)V @ 193
Event: 9.174 Thread 0x00000000173c1000 Uncommon trap: reason=array_check action=maybe_recompile pc=0x00000000030a92dc method=java.util.ComparableTimSort.binarySort([Ljava/lang/Object;III)V @ 193
Event: 9.186 Thread 0x00000000173c1000 Uncommon trap: reason=unstable_if action=reinterpret pc=0x00000000030e7728 method=com.android.dx.dex.code.OutputFinisher.align64bits([Lcom/android/dx/dex/code/Dop;)V @ 205
Event: 9.209 Thread 0x00000000173c1000 Uncommon trap: reason=unstable_if action=reinterpret pc=0x00000000030b2984 method=com.android.dx.dex.code.LocalList$MakeState.snapshot(ILcom/android/dx/rop/code/RegisterSpecSet;)V @ 86

Internal exceptions (9 events):
Event: 0.061 Thread 0x00000000022ad800 Exception <a 'java/lang/NoSuchMethodError': Method sun.misc.Unsafe.defineClass(Ljava/lang/String;[BII)Ljava/lang/Class; name or signature does not match> (0x00000000eab0dec8) thrown at [C:\workspace\8-2-build-windows-amd64-cygwin\jdk8u65\4987\hotspot\src\sé¶LámZ¯?
Event: 0.061 Thread 0x00000000022ad800 Exception <a 'java/lang/NoSuchMethodError': Method sun.misc.Unsafe.prefetchRead(Ljava/lang/Object;J)V name or signature does not match> (0x00000000eab0e1b0) thrown at [C:\workspace\8-2-build-windows-amd64-cygwin\jdk8u65\4987\hotspot\src\share\vm\prims\jni.šjâVãµû?
Event: 1.732 Thread 0x0000000017402800 Implicit null exception at 0x00000000027c6862 to 0x00000000027c6961
Event: 2.449 Thread 0x00000000173c2000 Implicit null exception at 0x0000000002a99912 to 0x0000000002a9c419
Event: 4.511 Thread 0x0000000017407000 Implicit null exception at 0x0000000002c7954c to 0x0000000002c7dd0d
Event: 5.654 Thread 0x00000000173c2000 Implicit null exception at 0x0000000002a6b962 to 0x0000000002a6ce79
Event: 5.965 Thread 0x0000000017402800 Exception <a 'java/lang/ArrayIndexOutOfBoundsException': 18> (0x00000000efdfc420) thrown at [C:\workspace\8-2-build-windows-amd64-cygwin\jdk8u65\4987\hotspot\src\share\vm\interpreter\interpreterRuntime.cpp, line 366]
Event: 5.965 Thread 0x0000000017402800 Exception <a 'java/lang/ArrayIndexOutOfBoundsException': 145> (0x00000000efdfdfa0) thrown at [C:\workspace\8-2-build-windows-amd64-cygwin\jdk8u65\4987\hotspot\src\share\vm\interpreter\interpreterRuntime.cpp, line 366]
Event: 5.966 Thread 0x0000000017402800 Exception <a 'java/lang/ArrayIndexOutOfBoundsException'> (0x00000000efdff288) thrown at [C:\workspace\8-2-build-windows-amd64-cygwin\jdk8u65\4987\hotspot\src\share\vm\runtime\sharedRuntime.cpp, line 605]

Events (10 events):
Event: 9.221 Thread 0x00000000173c1000 DEOPT PACKING pc=0x00000000030880db sp=0x000000001aa5ef50
Event: 9.221 Thread 0x00000000173c1000 DEOPT UNPACKING pc=0x00000000024f787f sp=0x000000001aa5ecd0 mode 0
Event: 9.227 Thread 0x00000000173c1000 DEOPT PACKING pc=0x00000000030880db sp=0x000000001aa5edd0
Event: 9.227 Thread 0x00000000173c1000 DEOPT UNPACKING pc=0x00000000024f787f sp=0x000000001aa5eb50 mode 0
Event: 9.251 Thread 0x00000000173c1000 DEOPT PACKING pc=0x00000000030f71a3 sp=0x000000001aa5ef30
Event: 9.251 Thread 0x00000000173c1000 DEOPT UNPACKING pc=0x00000000024f787f sp=0x000000001aa5ec80 mode 0
Event: 9.258 Thread 0x00000000173c1000 DEOPT PACKING pc=0x00000000030f71a3 sp=0x000000001aa5ef30
Event: 9.258 Thread 0x00000000173c1000 DEOPT UNPACKING pc=0x00000000024f787f sp=0x000000001aa5ec80 mode 0
Event: 9.267 Thread 0x00000000173c1000 DEOPT PACKING pc=0x00000000030f71a3 sp=0x000000001aa5ef30
Event: 9.267 Thread 0x00000000173c1000 DEOPT UNPACKING pc=0x00000000024f787f sp=0x000000001aa5ec80 mode 0


Dynamic libraries:
0x00007ff7675b0000 - 0x00007ff7675e7000 	C:\Program Files\Java\jdk1.8.0_65\bin\java.exe
0x00007ffa3a260000 - 0x00007ffa3a42b000 	C:\WINDOWS\SYSTEM32\ntdll.dll
0x00007ffa386a0000 - 0x00007ffa3874d000 	C:\WINDOWS\system32\KERNEL32.DLL
0x00007ffa374c0000 - 0x00007ffa376ce000 	C:\WINDOWS\system32\KERNELBASE.dll
0x00007ffa38750000 - 0x00007ffa387f2000 	C:\WINDOWS\system32\ADVAPI32.dll
0x00007ffa38860000 - 0x00007ffa388fe000 	C:\WINDOWS\system32\msvcrt.dll
0x00007ffa38800000 - 0x00007ffa38859000 	C:\WINDOWS\system32\sechost.dll
0x00007ffa38ae0000 - 0x00007ffa38c07000 	C:\WINDOWS\system32\RPCRT4.dll
0x00007ffa379c0000 - 0x00007ffa37b26000 	C:\WINDOWS\system32\USER32.dll
0x00000000575b0000 - 0x00000000575ce000 	C:\WINDOWS\system32\win32u.dll
0x00007ffa3a220000 - 0x00007ffa3a251000 	C:\WINDOWS\system32\GDI32.dll
0x00007ffa376d0000 - 0x00007ffa37854000 	C:\WINDOWS\system32\gdi32full.dll
0x00007ffa30480000 - 0x00007ffa306e9000 	C:\WINDOWS\WinSxS\amd64_microsoft.windows.common-controls_6595b64144ccf1df_6.0.14316.1000_none_8096ff2fcc18513c\COMCTL32.dll
0x00007ffa38400000 - 0x00007ffa3869c000 	C:\WINDOWS\system32\combase.dll
0x00007ffa36fd0000 - 0x00007ffa370c4000 	C:\WINDOWS\system32\ucrtbase.dll
0x00007ffa37350000 - 0x00007ffa373ba000 	C:\WINDOWS\system32\bcryptPrimitives.dll
0x00007ffa383d0000 - 0x00007ffa383fe000 	C:\WINDOWS\system32\IMM32.DLL
0x0000000054f60000 - 0x0000000055032000 	C:\Program Files\Java\jdk1.8.0_65\jre\bin\msvcr100.dll
0x0000000055420000 - 0x0000000055ca9000 	C:\Program Files\Java\jdk1.8.0_65\jre\bin\server\jvm.dll
0x00007ffa37b30000 - 0x00007ffa37b37000 	C:\WINDOWS\system32\PSAPI.DLL
0x00007ffa25400000 - 0x00007ffa25409000 	C:\WINDOWS\SYSTEM32\WSOCK32.dll
0x00007ffa38360000 - 0x00007ffa383cb000 	C:\WINDOWS\system32\WS2_32.dll
0x00007ffa34c40000 - 0x00007ffa34c63000 	C:\WINDOWS\SYSTEM32\WINMM.dll
0x00007ffa30a10000 - 0x00007ffa30a1a000 	C:\WINDOWS\SYSTEM32\VERSION.dll
0x00007ffa34be0000 - 0x00007ffa34c0c000 	C:\WINDOWS\SYSTEM32\WINMMBASE.dll
0x00007ffa373c0000 - 0x00007ffa37403000 	C:\WINDOWS\system32\cfgmgr32.dll
0x0000000055410000 - 0x000000005541f000 	C:\Program Files\Java\jdk1.8.0_65\jre\bin\verify.dll
0x00000000553e0000 - 0x0000000055409000 	C:\Program Files\Java\jdk1.8.0_65\jre\bin\java.dll
0x00000000553c0000 - 0x00000000553d6000 	C:\Program Files\Java\jdk1.8.0_65\jre\bin\zip.dll
0x00007ffa38d60000 - 0x00007ffa3a21a000 	C:\WINDOWS\system32\SHELL32.dll
0x00007ffa36930000 - 0x00007ffa36fc8000 	C:\WINDOWS\system32\windows.storage.dll
0x00007ffa36850000 - 0x00007ffa3689b000 	C:\WINDOWS\system32\powrprof.dll
0x00007ffa38960000 - 0x00007ffa389b2000 	C:\WINDOWS\system32\shlwapi.dll
0x00007ffa368c0000 - 0x00007ffa368cf000 	C:\WINDOWS\system32\kernel.appcore.dll
0x00007ffa37410000 - 0x00007ffa374bc000 	C:\WINDOWS\system32\shcore.dll
0x00007ffa368a0000 - 0x00007ffa368b4000 	C:\WINDOWS\system32\profapi.dll

VM Arguments:
jvm_args: -Djava.awt.headless=true -Xmx1024M -Dfile.encoding=windows-1252 -Duser.country=US -Duser.language=en -Duser.variant 
java_command: com.android.dx.command.Main --dex --force-jumbo --num-threads=4 --multi-dex --output C:\Users\dsraj\Desktop\NeighbourJobs - Splash & Intro\NeighbourJobs\app\build\intermediates\transforms\dex\debug\folders\1000\10\com.android.support-support-v4-23.2.1_4978fc6120b317d599d777544b9555d23a1f1f8a C:\Users\dsraj\Desktop\NeighbourJobs - Splash & Intro\NeighbourJobs\app\build\intermediates\exploded-aar\com.android.support\support-v4\23.2.1\jars\classes.jar
java_class_path (initial): C:\Users\dsraj\AppData\Local\Android\sdk\build-tools\23.0.2\lib\dx.jar
Launcher Type: SUN_STANDARD

Environment Variables:
JAVA_HOME=C:\Program Files\Java\jdk1.8.0_65\
JRE_HOME=C:\Program Files\Java\jre1.8.0_65\
PATH=C:\ProgramData\Oracle\Java\javapath;C:\WINDOWS\system32;C:\WINDOWS;C:\WINDOWS\System32\Wbem;C:\WINDOWS\System32\WindowsPowerShell\v1.0\;C:\Program Files (x86)\Skype\Phone\;C:\Program Files\Calibre2\;C:\Program Files (x86)\Windows Live\Shared;C:\Go\bin;C:\Users\dsraj\.dnx\bin;C:\Program Files\Microsoft DNX\Dnvm\;C:\Program Files\Microsoft SQL Server\120\Tools\Binn\;C:\Program Files\Microsoft\Web Platform Installer\;C:\Program Files\nodejs\;C:\Program Files (x86)\Windows Kits\8.1\Windows Performance Toolkit\;C:\Program Files (x86)\NVIDIA Corporation\PhysX\Common;C:\wamp\bin\php\php5.5.12;C:\ProgramData\ComposerSetup\bin;C:\Program Files (x86)\MacType;C:\HashiCorp\Vagrant\bin;C:\WINDOWS\system32;C:\WINDOWS;%localappdata%\Microsoft\WindowsApps;C:\WINDOWS\System32\Wbem;C:\WINDOWS\System32\WindowsPowerShell\v1.0\;C:\Program Files\Intel\WiFi\bin\;C:\Program Files\Common Files\Intel\WirelessCommon\;C:\Ruby\bin;C:\Program Files (x86)\Microsoft VS Code\bin\;C:\Python34\;C:\Ruby\bin\;C:\rubydevkit\bin\;C:\Program Files\Java\jdk1.8.0_65\bin\;C:\Users\dsraj\AppData\Local\Android\sdk\platform-tools\;C:\Users\dsraj\AppData\Local\GitHub\PortableGit_c7e0cbde92ba565cb218a521411d0e854079a28c\cmd\;C:\Python34\Scripts\;C:\Program Files (x86)\Microsoft VS Code\bin;C:\Program Files\nodejs;C:\Users\dsraj\AppData\Roaming\npm;C:\Program Files\MongoDB\Server\3.2\bin;C:\wamp\bin\php\php5.5.12\php.exe;C:\Users\dsraj\AppData\Roaming\Composer\vendor\bin;C:\Program Files (x86)\MSquared\M2 RSM;C:\Users\dsraj\AppData\Local\atom\bin;C:\wamp\bin\mysql\mysql5.6.17\bin;C:\Program Files\Intel\WiFi\bin\;C:\Program Files\Common Files\Intel\WirelessCommon\
USERNAME=dsraj
OS=Windows_NT
PROCESSOR_IDENTIFIER=Intel64 Family 6 Model 58 Stepping 9, GenuineIntel



---------------  S Y S T E M  ---------------

OS: Windows 10.0 , 64 bit Build 14316 (10.0.14316.1000)

CPU:total 8 (4 cores per cpu, 2 threads per core) family 6 model 58 stepping 9, cmov, cx8, fxsr, mmx, sse, sse2, sse3, ssse3, sse4.1, sse4.2, popcnt, avx, aes, clmul, erms, ht, tsc, tscinvbit, tscinv

Memory: 4k page, physical 8205796k(556768k free), swap 9254372k(5404k free)

vm_info: Java HotSpot(TM) 64-Bit Server VM (25.65-b01) for windows-amd64 JRE (1.8.0_65-b17), built on Oct  6 2015 16:39:20 by "java_re" with MS VC++ 10.0 (VS2010)

time: Thu Apr 28 12:46:57 2016
elapsed time: 9 seconds (0d 0h 0m 9s)

