#
# There is insufficient memory for the Java Runtime Environment to continue.
# Native memory allocation (malloc) failed to allocate 1679136 bytes for Chunk::new
# Possible reasons:
#   The system is out of physical RAM or swap space
#   In 32 bit mode, the process size limit was hit
# Possible solutions:
#   Reduce memory load on the system
#   Increase physical memory or swap space
#   Check if swap backing store is full
#   Use 64 bit Java on a 64 bit OS
#   Decrease Java heap size (-Xmx/-Xms)
#   Decrease number of Java threads
#   Decrease Java thread stack sizes (-Xss)
#   Set larger code cache with -XX:ReservedCodeCacheSize=
# This output file may be truncated or incomplete.
#
#  Out of Memory Error (allocation.cpp:390), pid=9940, tid=9440
#
# JRE version: Java(TM) SE Runtime Environment (8.0_65-b17) (build 1.8.0_65-b17)
# Java VM: Java HotSpot(TM) 64-Bit Server VM (25.65-b01 mixed mode windows-amd64 compressed oops)
# Failed to write core dump. Minidumps are not enabled by default on client versions of Windows
#

---------------  T H R E A D  ---------------

Current thread (0x0000000016eb8000):  JavaThread "C2 CompilerThread0" daemon [_thread_in_native, id=9440, stack(0x0000000017490000,0x0000000017590000)]

Stack: [0x0000000017490000,0x0000000017590000]
[error occurred during error reporting (printing stack bounds), id 0xc0000005]

Native frames: (J=compiled Java code, j=interpreted, Vv=VM code, C=native code)


Current CompileTask:
C2:   3042 1750   !   4       com.android.dx.cf.code.BytecodeArray::parseInstruction (2764 bytes)


---------------  P R O C E S S  ---------------

Java Threads: ( => current thread )
  0x000000001715e800 JavaThread "pool-2-thread-2" [_thread_in_Java, id=140, stack(0x0000000017c90000,0x0000000017d90000)]
  0x00000000170f3800 JavaThread "pool-3-thread-1" [_thread_blocked, id=2796, stack(0x0000000017b90000,0x0000000017c90000)]
  0x0000000016ecb000 JavaThread "Service Thread" daemon [_thread_blocked, id=588, stack(0x0000000017890000,0x0000000017990000)]
  0x0000000016ec5000 JavaThread "C1 CompilerThread3" daemon [_thread_blocked, id=6672, stack(0x0000000017790000,0x0000000017890000)]
  0x0000000016ebd800 JavaThread "C2 CompilerThread2" daemon [_thread_in_native, id=5684, stack(0x0000000017690000,0x0000000017790000)]
  0x0000000016ebb800 JavaThread "C2 CompilerThread1" daemon [_thread_in_vm, id=10952, stack(0x0000000017590000,0x0000000017690000)]
=>0x0000000016eb8000 JavaThread "C2 CompilerThread0" daemon [_thread_in_native, id=9440, stack(0x0000000017490000,0x0000000017590000)]
  0x0000000016eb5800 JavaThread "Attach Listener" daemon [_thread_blocked, id=5200, stack(0x0000000017390000,0x0000000017490000)]
  0x0000000016eb4800 JavaThread "Signal Dispatcher" daemon [_thread_blocked, id=3312, stack(0x0000000017290000,0x0000000017390000)]
  0x0000000002284000 JavaThread "Finalizer" daemon [_thread_blocked, id=1112, stack(0x0000000016ca0000,0x0000000016da0000)]
  0x0000000014dad800 JavaThread "Reference Handler" daemon [_thread_blocked, id=1692, stack(0x0000000016ba0000,0x0000000016ca0000)]
  0x000000000208d800 JavaThread "main" [_thread_blocked, id=5852, stack(0x0000000002090000,0x0000000002190000)]

Other Threads:
  0x0000000014da9000 VMThread [stack: 0x0000000016aa0000,0x0000000016ba0000] [id=4572]
  0x0000000016eed000 WatcherThread [stack: 0x0000000017990000,0x0000000017a90000] [id=7952]

VM state:not at safepoint (normal execution)

VM Mutex/Monitor currently owned by a thread: None

Heap:
 PSYoungGen      total 70656K, used 10679K [0x00000000eab00000, 0x00000000f4800000, 0x0000000100000000)
  eden space 65536K, 8% used [0x00000000eab00000,0x00000000eb06f170,0x00000000eeb00000)
  from space 5120K, 99% used [0x00000000eeb00000,0x00000000eeffeb30,0x00000000ef000000)
  to   space 14848K, 0% used [0x00000000f3980000,0x00000000f3980000,0x00000000f4800000)
 ParOldGen       total 86016K, used 24072K [0x00000000c0000000, 0x00000000c5400000, 0x00000000eab00000)
  object space 86016K, 27% used [0x00000000c0000000,0x00000000c1782230,0x00000000c5400000)
 Metaspace       used 6320K, capacity 7192K, committed 7424K, reserved 1056768K
  class space    used 624K, capacity 656K, committed 768K, reserved 1048576K

Card table byte_map: [0x0000000011650000,0x0000000011860000] byte_map_base: 0x0000000011050000

Marking Bits: (ParMarkBitMap*) 0x0000000055c2a5b0
 Begin Bits: [0x00000000121c0000, 0x00000000131c0000)
 End Bits:   [0x00000000131c0000, 0x00000000141c0000)

Polling page: 0x00000000009e0000

CodeCache: size=245760Kb used=6820Kb max_used=6820Kb free=238939Kb
 bounds [0x0000000002290000, 0x0000000002950000, 0x0000000011290000]
 total_blobs=1970 nmethods=1701 adapters=182
 compilation: enabled

Compilation events (10 events):
Event: 3.013 Thread 0x0000000016ebb800 nmethod 1747 0x000000000290b810 code [0x000000000290b980, 0x000000000290bdb8]
Event: 3.013 Thread 0x0000000016ebb800 1727       4       com.android.dx.ssa.SsaBasicBlock::getRopLabelSuccessorList (57 bytes)
Event: 3.027 Thread 0x0000000016ebb800 nmethod 1727 0x000000000290e050 code [0x000000000290e1e0, 0x000000000290ea18]
Event: 3.027 Thread 0x0000000016ebb800 1753       4       com.android.dx.rop.code.BasicBlockList::forEachInsn (39 bytes)
Event: 3.030 Thread 0x0000000016ebb800 nmethod 1753 0x000000000290d810 code [0x000000000290d960, 0x000000000290dc18]
Event: 3.030 Thread 0x0000000016ebb800 1748       4       com.android.dx.ssa.SCCP::simulatePhiBlock (50 bytes)
Event: 3.033 Thread 0x0000000016ec5000 1755 %     3       com.android.dx.dex.cf.CfTranslator::translate0 @ 141 (259 bytes)
Event: 3.035 Thread 0x0000000016ebb800 nmethod 1748 0x0000000002909810 code [0x0000000002909960, 0x0000000002909ba8]
Event: 3.035 Thread 0x0000000016ebb800 1706       4       com.android.dx.ssa.DeadCodeRemover::isCircularNoSideEffect (140 bytes)
Event: 3.037 Thread 0x0000000016ec5000 nmethod 1755% 0x0000000002940790 code [0x0000000002940c20, 0x0000000002943c18]

GC Heap History (10 events):
Event: 2.055 GC heap before
{Heap before GC invocations=1 (full 0):
 PSYoungGen      total 37888K, used 32768K [0x00000000eab00000, 0x00000000ed500000, 0x0000000100000000)
  eden space 32768K, 100% used [0x00000000eab00000,0x00000000ecb00000,0x00000000ecb00000)
  from space 5120K, 0% used [0x00000000ed000000,0x00000000ed000000,0x00000000ed500000)
  to   space 5120K, 0% used [0x00000000ecb00000,0x00000000ecb00000,0x00000000ed000000)
 ParOldGen       total 86016K, used 0K [0x00000000c0000000, 0x00000000c5400000, 0x00000000eab00000)
  object space 86016K, 0% used [0x00000000c0000000,0x00000000c0000000,0x00000000c5400000)
 Metaspace       used 5887K, capacity 6832K, committed 7040K, reserved 1056768K
  class space    used 598K, capacity 616K, committed 640K, reserved 1048576K
Event: 2.065 GC heap after
Heap after GC invocations=1 (full 0):
 PSYoungGen      total 37888K, used 5092K [0x00000000eab00000, 0x00000000ed500000, 0x0000000100000000)
  eden space 32768K, 0% used [0x00000000eab00000,0x00000000eab00000,0x00000000ecb00000)
  from space 5120K, 99% used [0x00000000ecb00000,0x00000000ecff92e0,0x00000000ed000000)
  to   space 5120K, 0% used [0x00000000ed000000,0x00000000ed000000,0x00000000ed500000)
 ParOldGen       total 86016K, used 1380K [0x00000000c0000000, 0x00000000c5400000, 0x00000000eab00000)
  object space 86016K, 1% used [0x00000000c0000000,0x00000000c0159178,0x00000000c5400000)
 Metaspace       used 5887K, capacity 6832K, committed 7040K, reserved 1056768K
  class space    used 598K, capacity 616K, committed 640K, reserved 1048576K
}
Event: 2.265 GC heap before
{Heap before GC invocations=2 (full 0):
 PSYoungGen      total 37888K, used 37860K [0x00000000eab00000, 0x00000000ed500000, 0x0000000100000000)
  eden space 32768K, 100% used [0x00000000eab00000,0x00000000ecb00000,0x00000000ecb00000)
  from space 5120K, 99% used [0x00000000ecb00000,0x00000000ecff92e0,0x00000000ed000000)
  to   space 5120K, 0% used [0x00000000ed000000,0x00000000ed000000,0x00000000ed500000)
 ParOldGen       total 86016K, used 1380K [0x00000000c0000000, 0x00000000c5400000, 0x00000000eab00000)
  object space 86016K, 1% used [0x00000000c0000000,0x00000000c0159178,0x00000000c5400000)
 Metaspace       used 6037K, capacity 6960K, committed 7040K, reserved 1056768K
  class space    used 601K, capacity 616K, committed 640K, reserved 1048576K
Event: 2.280 GC heap after
Heap after GC invocations=2 (full 0):
 PSYoungGen      total 37888K, used 5095K [0x00000000eab00000, 0x00000000ef500000, 0x0000000100000000)
  eden space 32768K, 0% used [0x00000000eab00000,0x00000000eab00000,0x00000000ecb00000)
  from space 5120K, 99% used [0x00000000ed000000,0x00000000ed4f9e90,0x00000000ed500000)
  to   space 5120K, 0% used [0x00000000ecb00000,0x00000000ecb00000,0x00000000ed000000)
 ParOldGen       total 86016K, used 5925K [0x00000000c0000000, 0x00000000c5400000, 0x00000000eab00000)
  object space 86016K, 6% used [0x00000000c0000000,0x00000000c05c97f0,0x00000000c5400000)
 Metaspace       used 6037K, capacity 6960K, committed 7040K, reserved 1056768K
  class space    used 601K, capacity 616K, committed 640K, reserved 1048576K
}
Event: 2.462 GC heap before
{Heap before GC invocations=3 (full 0):
 PSYoungGen      total 37888K, used 37863K [0x00000000eab00000, 0x00000000ef500000, 0x0000000100000000)
  eden space 32768K, 100% used [0x00000000eab00000,0x00000000ecb00000,0x00000000ecb00000)
  from space 5120K, 99% used [0x00000000ed000000,0x00000000ed4f9e90,0x00000000ed500000)
  to   space 5120K, 0% used [0x00000000ecb00000,0x00000000ecb00000,0x00000000ed000000)
 ParOldGen       total 86016K, used 5925K [0x00000000c0000000, 0x00000000c5400000, 0x00000000eab00000)
  object space 86016K, 6% used [0x00000000c0000000,0x00000000c05c97f0,0x00000000c5400000)
 Metaspace       used 6227K, capacity 7128K, committed 7424K, reserved 1056768K
  class space    used 622K, capacity 656K, committed 768K, reserved 1048576K
Event: 2.474 GC heap after
Heap after GC invocations=3 (full 0):
 PSYoungGen      total 37888K, used 5108K [0x00000000eab00000, 0x00000000ef500000, 0x0000000100000000)
  eden space 32768K, 0% used [0x00000000eab00000,0x00000000eab00000,0x00000000ecb00000)
  from space 5120K, 99% used [0x00000000ecb00000,0x00000000ecffd310,0x00000000ed000000)
  to   space 5120K, 0% used [0x00000000ef000000,0x00000000ef000000,0x00000000ef500000)
 ParOldGen       total 86016K, used 10297K [0x00000000c0000000, 0x00000000c5400000, 0x00000000eab00000)
  object space 86016K, 11% used [0x00000000c0000000,0x00000000c0a0e648,0x00000000c5400000)
 Metaspace       used 6227K, capacity 7128K, committed 7424K, reserved 1056768K
  class space    used 622K, capacity 656K, committed 768K, reserved 1048576K
}
Event: 2.625 GC heap before
{Heap before GC invocations=4 (full 0):
 PSYoungGen      total 37888K, used 37876K [0x00000000eab00000, 0x00000000ef500000, 0x0000000100000000)
  eden space 32768K, 100% used [0x00000000eab00000,0x00000000ecb00000,0x00000000ecb00000)
  from space 5120K, 99% used [0x00000000ecb00000,0x00000000ecffd310,0x00000000ed000000)
  to   space 5120K, 0% used [0x00000000ef000000,0x00000000ef000000,0x00000000ef500000)
 ParOldGen       total 86016K, used 10297K [0x00000000c0000000, 0x00000000c5400000, 0x00000000eab00000)
  object space 86016K, 11% used [0x00000000c0000000,0x00000000c0a0e648,0x00000000c5400000)
 Metaspace       used 6281K, capacity 7128K, committed 7424K, reserved 1056768K
  class space    used 622K, capacity 656K, committed 768K, reserved 1048576K
Event: 2.675 GC heap after
Heap after GC invocations=4 (full 0):
 PSYoungGen      total 70656K, used 5103K [0x00000000eab00000, 0x00000000ef500000, 0x0000000100000000)
  eden space 65536K, 0% used [0x00000000eab00000,0x00000000eab00000,0x00000000eeb00000)
  from space 5120K, 99% used [0x00000000ef000000,0x00000000ef4fbde0,0x00000000ef500000)
  to   space 5120K, 0% used [0x00000000eeb00000,0x00000000eeb00000,0x00000000ef000000)
 ParOldGen       total 86016K, used 15476K [0x00000000c0000000, 0x00000000c5400000, 0x00000000eab00000)
  object space 86016K, 17% used [0x00000000c0000000,0x00000000c0f1d298,0x00000000c5400000)
 Metaspace       used 6281K, capacity 7128K, committed 7424K, reserved 1056768K
  class space    used 622K, capacity 656K, committed 768K, reserved 1048576K
}
Event: 2.956 GC heap before
{Heap before GC invocations=5 (full 0):
 PSYoungGen      total 70656K, used 70639K [0x00000000eab00000, 0x00000000ef500000, 0x0000000100000000)
  eden space 65536K, 100% used [0x00000000eab00000,0x00000000eeb00000,0x00000000eeb00000)
  from space 5120K, 99% used [0x00000000ef000000,0x00000000ef4fbde0,0x00000000ef500000)
  to   space 5120K, 0% used [0x00000000eeb00000,0x00000000eeb00000,0x00000000ef000000)
 ParOldGen       total 86016K, used 15476K [0x00000000c0000000, 0x00000000c5400000, 0x00000000eab00000)
  object space 86016K, 17% used [0x00000000c0000000,0x00000000c0f1d298,0x00000000c5400000)
 Metaspace       used 6320K, capacity 7192K, committed 7424K, reserved 1056768K
  class space    used 624K, capacity 656K, committed 768K, reserved 1048576K
Event: 2.998 GC heap after
Heap after GC invocations=5 (full 0):
 PSYoungGen      total 70656K, used 5114K [0x00000000eab00000, 0x00000000f4800000, 0x0000000100000000)
  eden space 65536K, 0% used [0x00000000eab00000,0x00000000eab00000,0x00000000eeb00000)
  from space 5120K, 99% used [0x00000000eeb00000,0x00000000eeffeb30,0x00000000ef000000)
  to   space 14848K, 0% used [0x00000000f3980000,0x00000000f3980000,0x00000000f4800000)
 ParOldGen       total 86016K, used 24072K [0x00000000c0000000, 0x00000000c5400000, 0x00000000eab00000)
  object space 86016K, 27% used [0x00000000c0000000,0x00000000c1782230,0x00000000c5400000)
 Metaspace       used 6320K, capacity 7192K, committed 7424K, reserved 1056768K
  class space    used 624K, capacity 656K, committed 768K, reserved 1048576K
}

Deoptimization events (10 events):
Event: 2.297 Thread 0x000000000208d800 Uncommon trap: reason=unstable_if action=reinterpret pc=0x0000000002518d78 method=java.util.HashMap.putVal(ILjava/lang/Object;Ljava/lang/Object;ZZ)Ljava/lang/Object; @ 162
Event: 2.315 Thread 0x000000000208d800 Uncommon trap: reason=unstable_if action=reinterpret pc=0x00000000027d5a8c method=java.util.HashMap.getNode(ILjava/lang/Object;)Ljava/util/HashMap$Node; @ 84
Event: 2.315 Thread 0x000000000208d800 Uncommon trap: reason=unstable_if action=reinterpret pc=0x0000000002679674 method=java.util.HashMap.putVal(ILjava/lang/Object;Ljava/lang/Object;ZZ)Ljava/lang/Object; @ 162
Event: 2.315 Thread 0x000000000208d800 Uncommon trap: reason=unstable_if action=reinterpret pc=0x00000000027bc3e4 method=java.util.HashMap.getNode(ILjava/lang/Object;)Ljava/util/HashMap$Node; @ 84
Event: 2.391 Thread 0x000000001715e800 Uncommon trap: reason=unstable_if action=reinterpret pc=0x00000000025c46bc method=com.android.dx.util.IntList.binarysearch(I)I @ 105
Event: 2.723 Thread 0x000000000208d800 Uncommon trap: reason=unstable_if action=reinterpret pc=0x0000000002868944 method=com.android.dx.ssa.LocalVariableExtractor.processBlock(I)V @ 251
Event: 2.949 Thread 0x00000000170ee000 Uncommon trap: reason=bimorphic action=maybe_recompile pc=0x0000000002920b4c method=com.android.dx.cf.code.BytecodeArray.parseInstruction(ILcom/android/dx/cf/code/BytecodeArray$Visitor;)I @ 2484
Event: 2.949 Thread 0x00000000170ee000 Uncommon trap: reason=bimorphic action=maybe_recompile pc=0x0000000002920b4c method=com.android.dx.cf.code.BytecodeArray.parseInstruction(ILcom/android/dx/cf/code/BytecodeArray$Visitor;)I @ 2484
Event: 2.950 Thread 0x00000000170ee000 Uncommon trap: reason=bimorphic action=maybe_recompile pc=0x0000000002920b4c method=com.android.dx.cf.code.BytecodeArray.parseInstruction(ILcom/android/dx/cf/code/BytecodeArray$Visitor;)I @ 2484
Event: 2.950 Thread 0x00000000170ee000 Uncommon trap: reason=bimorphic action=maybe_recompile pc=0x0000000002920b4c method=com.android.dx.cf.code.BytecodeArray.parseInstruction(ILcom/android/dx/cf/code/BytecodeArray$Visitor;)I @ 2484

Internal exceptions (7 events):
Event: 0.354 Thread 0x000000000208d800 Exception <a 'java/lang/NoSuchMethodError': Method sun.misc.Unsafe.defineClass(Ljava/lang/String;[BII)Ljava/lang/Class; name or signature does not match> (0x00000000eab0dee0) thrown at [C:\workspace\8-2-build-windows-amd64-cygwin\jdk8u65\4987\hotspot\src\sk9®`¤Ö?
Event: 0.354 Thread 0x000000000208d800 Exception <a 'java/lang/NoSuchMethodError': Method sun.misc.Unsafe.prefetchRead(Ljava/lang/Object;J)V name or signature does not match> (0x00000000eab0e1c8) thrown at [C:\workspace\8-2-build-windows-amd64-cygwin\jdk8u65\4987\hotspot\src\share\vm\prims\jni.^6Þ4Nþ?
Event: 1.894 Thread 0x00000000171b9800 Implicit null exception at 0x0000000002511ca2 to 0x0000000002511d92
Event: 2.196 Thread 0x000000001715e800 Implicit null exception at 0x000000000255156c to 0x0000000002553159
Event: 2.312 Thread 0x000000000208d800 Exception <a 'java/lang/ArrayIndexOutOfBoundsException': 18> (0x00000000eae54628) thrown at [C:\workspace\8-2-build-windows-amd64-cygwin\jdk8u65\4987\hotspot\src\share\vm\interpreter\interpreterRuntime.cpp, line 366]
Event: 2.313 Thread 0x000000000208d800 Exception <a 'java/lang/ArrayIndexOutOfBoundsException'> (0x00000000eae561a8) thrown at [C:\workspace\8-2-build-windows-amd64-cygwin\jdk8u65\4987\hotspot\src\share\vm\runtime\sharedRuntime.cpp, line 605]
Event: 2.314 Thread 0x000000000208d800 Exception <a 'java/lang/ArrayIndexOutOfBoundsException'> (0x00000000eae57490) thrown at [C:\workspace\8-2-build-windows-amd64-cygwin\jdk8u65\4987\hotspot\src\share\vm\runtime\sharedRuntime.cpp, line 605]

Events (10 events):
Event: 2.949 Thread 0x00000000170ee000 DEOPT UNPACKING pc=0x00000000022d582a sp=0x0000000017b8e3f8 mode 2
Event: 2.950 Thread 0x00000000170ee000 Uncommon trap: trap_request=0xffffffc6 fr.pc=0x0000000002920b4c
Event: 2.950 Thread 0x00000000170ee000 DEOPT PACKING pc=0x0000000002920b4c sp=0x0000000017b8e5b0
Event: 2.950 Thread 0x00000000170ee000 DEOPT UNPACKING pc=0x00000000022d582a sp=0x0000000017b8e598 mode 2
Event: 2.950 Thread 0x00000000170ee000 Uncommon trap: trap_request=0xffffffc6 fr.pc=0x0000000002920b4c
Event: 2.950 Thread 0x00000000170ee000 DEOPT PACKING pc=0x0000000002920b4c sp=0x0000000017b8e410
Event: 2.950 Thread 0x00000000170ee000 DEOPT UNPACKING pc=0x00000000022d582a sp=0x0000000017b8e3f8 mode 2
Event: 2.954 Executing VM operation: ParallelGCFailedAllocation
Event: 2.998 Executing VM operation: ParallelGCFailedAllocation done
Event: 3.033 Thread 0x00000000170ee000 Thread exited: 0x00000000170ee000


Dynamic libraries:
0x00007ff7675b0000 - 0x00007ff7675e7000 	C:\Program Files\Java\jdk1.8.0_65\bin\java.exe
0x00007ffa3a260000 - 0x00007ffa3a42b000 	C:\WINDOWS\SYSTEM32\ntdll.dll
0x00007ffa386a0000 - 0x00007ffa3874d000 	C:\WINDOWS\system32\KERNEL32.DLL
0x00007ffa374c0000 - 0x00007ffa376ce000 	C:\WINDOWS\system32\KERNELBASE.dll
0x00007ffa38750000 - 0x00007ffa387f2000 	C:\WINDOWS\system32\ADVAPI32.dll
0x00007ffa38860000 - 0x00007ffa388fe000 	C:\WINDOWS\system32\msvcrt.dll
0x00007ffa38800000 - 0x00007ffa38859000 	C:\WINDOWS\system32\sechost.dll
0x00007ffa38ae0000 - 0x00007ffa38c07000 	C:\WINDOWS\system32\RPCRT4.dll
0x00007ffa379c0000 - 0x00007ffa37b26000 	C:\WINDOWS\system32\USER32.dll
0x00000000575b0000 - 0x00000000575ce000 	C:\WINDOWS\system32\win32u.dll
0x00007ffa3a220000 - 0x00007ffa3a251000 	C:\WINDOWS\system32\GDI32.dll
0x00007ffa376d0000 - 0x00007ffa37854000 	C:\WINDOWS\system32\gdi32full.dll
0x00007ffa30480000 - 0x00007ffa306e9000 	C:\WINDOWS\WinSxS\amd64_microsoft.windows.common-controls_6595b64144ccf1df_6.0.14316.1000_none_8096ff2fcc18513c\COMCTL32.dll
0x00007ffa38400000 - 0x00007ffa3869c000 	C:\WINDOWS\system32\combase.dll
0x00007ffa36fd0000 - 0x00007ffa370c4000 	C:\WINDOWS\system32\ucrtbase.dll
0x00007ffa37350000 - 0x00007ffa373ba000 	C:\WINDOWS\system32\bcryptPrimitives.dll
0x00007ffa383d0000 - 0x00007ffa383fe000 	C:\WINDOWS\system32\IMM32.DLL
0x0000000054f60000 - 0x0000000055032000 	C:\Program Files\Java\jdk1.8.0_65\jre\bin\msvcr100.dll
0x0000000055420000 - 0x0000000055ca9000 	C:\Program Files\Java\jdk1.8.0_65\jre\bin\server\jvm.dll
0x00007ffa37b30000 - 0x00007ffa37b37000 	C:\WINDOWS\system32\PSAPI.DLL
0x00007ffa25400000 - 0x00007ffa25409000 	C:\WINDOWS\SYSTEM32\WSOCK32.dll
0x00007ffa38360000 - 0x00007ffa383cb000 	C:\WINDOWS\system32\WS2_32.dll
0x00007ffa34c40000 - 0x00007ffa34c63000 	C:\WINDOWS\SYSTEM32\WINMM.dll
0x00007ffa30a10000 - 0x00007ffa30a1a000 	C:\WINDOWS\SYSTEM32\VERSION.dll
0x00007ffa34be0000 - 0x00007ffa34c0c000 	C:\WINDOWS\SYSTEM32\WINMMBASE.dll
0x00007ffa373c0000 - 0x00007ffa37403000 	C:\WINDOWS\system32\cfgmgr32.dll
0x0000000055410000 - 0x000000005541f000 	C:\Program Files\Java\jdk1.8.0_65\jre\bin\verify.dll
0x00000000553e0000 - 0x0000000055409000 	C:\Program Files\Java\jdk1.8.0_65\jre\bin\java.dll
0x00000000553c0000 - 0x00000000553d6000 	C:\Program Files\Java\jdk1.8.0_65\jre\bin\zip.dll
0x00007ffa38d60000 - 0x00007ffa3a21a000 	C:\WINDOWS\system32\SHELL32.dll
0x00007ffa36930000 - 0x00007ffa36fc8000 	C:\WINDOWS\system32\windows.storage.dll
0x00007ffa36850000 - 0x00007ffa3689b000 	C:\WINDOWS\system32\powrprof.dll
0x00007ffa38960000 - 0x00007ffa389b2000 	C:\WINDOWS\system32\shlwapi.dll
0x00007ffa368c0000 - 0x00007ffa368cf000 	C:\WINDOWS\system32\kernel.appcore.dll
0x00007ffa37410000 - 0x00007ffa374bc000 	C:\WINDOWS\system32\shcore.dll
0x00007ffa368a0000 - 0x00007ffa368b4000 	C:\WINDOWS\system32\profapi.dll

VM Arguments:
jvm_args: -Djava.awt.headless=true -Xmx1024M -Dfile.encoding=windows-1252 -Duser.country=US -Duser.language=en -Duser.variant 
java_command: com.android.dx.command.Main --dex --force-jumbo --num-threads=4 --multi-dex --output C:\Users\dsraj\Desktop\NeighbourJobs - Splash & Intro\NeighbourJobs\app\build\intermediates\transforms\dex\debug\folders\1000\10\com.android.support-recyclerview-v7-23.2.1_22676072a79a5b0fe46d0014525ba719cf6a421b C:\Users\dsraj\Desktop\NeighbourJobs - Splash & Intro\NeighbourJobs\app\build\intermediates\exploded-aar\com.android.support\recyclerview-v7\23.2.1\jars\classes.jar
java_class_path (initial): C:\Users\dsraj\AppData\Local\Android\sdk\build-tools\23.0.2\lib\dx.jar
Launcher Type: SUN_STANDARD

Environment Variables:
JAVA_HOME=C:\Program Files\Java\jdk1.8.0_65\
JRE_HOME=C:\Program Files\Java\jre1.8.0_65\
PATH=C:\ProgramData\Oracle\Java\javapath;C:\WINDOWS\system32;C:\WINDOWS;C:\WINDOWS\System32\Wbem;C:\WINDOWS\System32\WindowsPowerShell\v1.0\;C:\Program Files (x86)\Skype\Phone\;C:\Program Files\Calibre2\;C:\Program Files (x86)\Windows Live\Shared;C:\Go\bin;C:\Users\dsraj\.dnx\bin;C:\Program Files\Microsoft DNX\Dnvm\;C:\Program Files\Microsoft SQL Server\120\Tools\Binn\;C:\Program Files\Microsoft\Web Platform Installer\;C:\Program Files\nodejs\;C:\Program Files (x86)\Windows Kits\8.1\Windows Performance Toolkit\;C:\Program Files (x86)\NVIDIA Corporation\PhysX\Common;C:\wamp\bin\php\php5.5.12;C:\ProgramData\ComposerSetup\bin;C:\Program Files (x86)\MacType;C:\HashiCorp\Vagrant\bin;C:\WINDOWS\system32;C:\WINDOWS;%localappdata%\Microsoft\WindowsApps;C:\WINDOWS\System32\Wbem;C:\WINDOWS\System32\WindowsPowerShell\v1.0\;C:\Program Files\Intel\WiFi\bin\;C:\Program Files\Common Files\Intel\WirelessCommon\;C:\Ruby\bin;C:\Program Files (x86)\Microsoft VS Code\bin\;C:\Python34\;C:\Ruby\bin\;C:\rubydevkit\bin\;C:\Program Files\Java\jdk1.8.0_65\bin\;C:\Users\dsraj\AppData\Local\Android\sdk\platform-tools\;C:\Users\dsraj\AppData\Local\GitHub\PortableGit_c7e0cbde92ba565cb218a521411d0e854079a28c\cmd\;C:\Python34\Scripts\;C:\Program Files (x86)\Microsoft VS Code\bin;C:\Program Files\nodejs;C:\Users\dsraj\AppData\Roaming\npm;C:\Program Files\MongoDB\Server\3.2\bin;C:\wamp\bin\php\php5.5.12\php.exe;C:\Users\dsraj\AppData\Roaming\Composer\vendor\bin;C:\Program Files (x86)\MSquared\M2 RSM;C:\Users\dsraj\AppData\Local\atom\bin;C:\wamp\bin\mysql\mysql5.6.17\bin;C:\Program Files\Intel\WiFi\bin\;C:\Program Files\Common Files\Intel\WirelessCommon\
USERNAME=dsraj
OS=Windows_NT
PROCESSOR_IDENTIFIER=Intel64 Family 6 Model 58 Stepping 9, GenuineIntel



---------------  S Y S T E M  ---------------

OS: Windows 10.0 , 64 bit Build 14316 (10.0.14316.1000)

CPU:total 8 (4 cores per cpu, 2 threads per core) family 6 model 58 stepping 9, cmov, cx8, fxsr, mmx, sse, sse2, sse3, ssse3, sse4.1, sse4.2, popcnt, avx, aes, clmul, erms, ht, tsc, tscinvbit, tscinv

Memory: 4k page, physical 8205796k(556764k free), swap 9254372k(5404k free)

vm_info: Java HotSpot(TM) 64-Bit Server VM (25.65-b01) for windows-amd64 JRE (1.8.0_65-b17), built on Oct  6 2015 16:39:20 by "java_re" with MS VC++ 10.0 (VS2010)

time: Thu Apr 28 12:46:57 2016
elapsed time: 3 seconds (0d 0h 0m 3s)

